[29-Nov-2017 21:36:20 UTC] PHP Warning:  include(../../../inc/dbConnection.php): failed to open stream: No such file or directory in /home/ubuntu/workspace/gorozco/lab/lab9/api/getPetInfo.php on line 3
[29-Nov-2017 21:36:20 UTC] PHP Stack trace:
[29-Nov-2017 21:36:20 UTC] PHP   1. {main}() /home/ubuntu/workspace/gorozco/lab/lab9/api/getPetInfo.php:0
[29-Nov-2017 21:36:20 UTC] PHP Warning:  include(): Failed opening '../../../inc/dbConnection.php' for inclusion (include_path='.:/usr/share/php:/usr/share/pear') in /home/ubuntu/workspace/gorozco/lab/lab9/api/getPetInfo.php on line 3
[29-Nov-2017 21:36:20 UTC] PHP Stack trace:
[29-Nov-2017 21:36:20 UTC] PHP   1. {main}() /home/ubuntu/workspace/gorozco/lab/lab9/api/getPetInfo.php:0
[29-Nov-2017 21:36:20 UTC] PHP Fatal error:  Call to undefined function getDBConnection() in /home/ubuntu/workspace/gorozco/lab/lab9/api/getPetInfo.php on line 4
[29-Nov-2017 21:36:20 UTC] PHP Stack trace:
[29-Nov-2017 21:36:20 UTC] PHP   1. {main}() /home/ubuntu/workspace/gorozco/lab/lab9/api/getPetInfo.php:0
[29-Nov-2017 21:36:37 UTC] PHP Warning:  include(../../inc/dbConnection.php): failed to open stream: No such file or directory in /home/ubuntu/workspace/gorozco/lab/lab9/api/getPetInfo.php on line 3
[29-Nov-2017 21:36:37 UTC] PHP Stack trace:
[29-Nov-2017 21:36:37 UTC] PHP   1. {main}() /home/ubuntu/workspace/gorozco/lab/lab9/api/getPetInfo.php:0
[29-Nov-2017 21:36:37 UTC] PHP Warning:  include(): Failed opening '../../inc/dbConnection.php' for inclusion (include_path='.:/usr/share/php:/usr/share/pear') in /home/ubuntu/workspace/gorozco/lab/lab9/api/getPetInfo.php on line 3
[29-Nov-2017 21:36:37 UTC] PHP Stack trace:
[29-Nov-2017 21:36:37 UTC] PHP   1. {main}() /home/ubuntu/workspace/gorozco/lab/lab9/api/getPetInfo.php:0
[29-Nov-2017 21:36:37 UTC] PHP Fatal error:  Call to undefined function getDBConnection() in /home/ubuntu/workspace/gorozco/lab/lab9/api/getPetInfo.php on line 4
[29-Nov-2017 21:36:37 UTC] PHP Stack trace:
[29-Nov-2017 21:36:37 UTC] PHP   1. {main}() /home/ubuntu/workspace/gorozco/lab/lab9/api/getPetInfo.php:0
[29-Nov-2017 21:37:13 UTC] PHP Fatal error:  Call to undefined function getDBConnection() in /home/ubuntu/workspace/gorozco/lab/lab9/api/getPetInfo.php on line 4
[29-Nov-2017 21:37:13 UTC] PHP Stack trace:
[29-Nov-2017 21:37:13 UTC] PHP   1. {main}() /home/ubuntu/workspace/gorozco/lab/lab9/api/getPetInfo.php:0
[29-Nov-2017 21:37:47 UTC] PHP Warning:  include(../../dbConnection.php): failed to open stream: No such file or directory in /home/ubuntu/workspace/gorozco/lab/lab9/api/getPetInfo.php on line 3
[29-Nov-2017 21:37:47 UTC] PHP Stack trace:
[29-Nov-2017 21:37:47 UTC] PHP   1. {main}() /home/ubuntu/workspace/gorozco/lab/lab9/api/getPetInfo.php:0
[29-Nov-2017 21:37:47 UTC] PHP Warning:  include(): Failed opening '../../dbConnection.php' for inclusion (include_path='.:/usr/share/php:/usr/share/pear') in /home/ubuntu/workspace/gorozco/lab/lab9/api/getPetInfo.php on line 3
[29-Nov-2017 21:37:47 UTC] PHP Stack trace:
[29-Nov-2017 21:37:47 UTC] PHP   1. {main}() /home/ubuntu/workspace/gorozco/lab/lab9/api/getPetInfo.php:0
[29-Nov-2017 21:37:47 UTC] PHP Fatal error:  Call to undefined function getDBConnection() in /home/ubuntu/workspace/gorozco/lab/lab9/api/getPetInfo.php on line 4
[29-Nov-2017 21:37:47 UTC] PHP Stack trace:
[29-Nov-2017 21:37:47 UTC] PHP   1. {main}() /home/ubuntu/workspace/gorozco/lab/lab9/api/getPetInfo.php:0
[29-Nov-2017 21:38:33 UTC] PHP Warning:  include(../../dbConnection.php): failed to open stream: No such file or directory in /home/ubuntu/workspace/gorozco/lab/lab9/api/getPetInfo.php on line 3
[29-Nov-2017 21:38:33 UTC] PHP Stack trace:
[29-Nov-2017 21:38:33 UTC] PHP   1. {main}() /home/ubuntu/workspace/gorozco/lab/lab9/api/getPetInfo.php:0
[29-Nov-2017 21:38:33 UTC] PHP Warning:  include(): Failed opening '../../dbConnection.php' for inclusion (include_path='.:/usr/share/php:/usr/share/pear') in /home/ubuntu/workspace/gorozco/lab/lab9/api/getPetInfo.php on line 3
[29-Nov-2017 21:38:33 UTC] PHP Stack trace:
[29-Nov-2017 21:38:33 UTC] PHP   1. {main}() /home/ubuntu/workspace/gorozco/lab/lab9/api/getPetInfo.php:0
[29-Nov-2017 21:38:33 UTC] PHP Fatal error:  Call to undefined function getDatabaseConnection() in /home/ubuntu/workspace/gorozco/lab/lab9/api/getPetInfo.php on line 4
[29-Nov-2017 21:38:33 UTC] PHP Stack trace:
[29-Nov-2017 21:38:33 UTC] PHP   1. {main}() /home/ubuntu/workspace/gorozco/lab/lab9/api/getPetInfo.php:0
[29-Nov-2017 21:40:27 UTC] PHP Warning:  include(../../.../dbConnection.php): failed to open stream: No such file or directory in /home/ubuntu/workspace/gorozco/lab/lab9/api/getPetInfo.php on line 3
[29-Nov-2017 21:40:27 UTC] PHP Stack trace:
[29-Nov-2017 21:40:27 UTC] PHP   1. {main}() /home/ubuntu/workspace/gorozco/lab/lab9/api/getPetInfo.php:0
[29-Nov-2017 21:40:27 UTC] PHP Warning:  include(): Failed opening '../../.../dbConnection.php' for inclusion (include_path='.:/usr/share/php:/usr/share/pear') in /home/ubuntu/workspace/gorozco/lab/lab9/api/getPetInfo.php on line 3
[29-Nov-2017 21:40:27 UTC] PHP Stack trace:
[29-Nov-2017 21:40:27 UTC] PHP   1. {main}() /home/ubuntu/workspace/gorozco/lab/lab9/api/getPetInfo.php:0
[29-Nov-2017 21:40:27 UTC] PHP Fatal error:  Call to undefined function getDatabaseConnection() in /home/ubuntu/workspace/gorozco/lab/lab9/api/getPetInfo.php on line 4
[29-Nov-2017 21:40:27 UTC] PHP Stack trace:
[29-Nov-2017 21:40:27 UTC] PHP   1. {main}() /home/ubuntu/workspace/gorozco/lab/lab9/api/getPetInfo.php:0
[29-Nov-2017 21:41:57 UTC] PHP Fatal error:  Call to a member function prepare() on a non-object in /home/ubuntu/workspace/gorozco/lab/lab9/api/getPetInfo.php on line 8
[29-Nov-2017 21:41:57 UTC] PHP Stack trace:
[29-Nov-2017 21:41:57 UTC] PHP   1. {main}() /home/ubuntu/workspace/gorozco/lab/lab9/api/getPetInfo.php:0
[29-Nov-2017 21:42:09 UTC] PHP Warning:  include(../../dbConnection.php): failed to open stream: No such file or directory in /home/ubuntu/workspace/gorozco/lab/lab9/api/getPetInfo.php on line 3
[29-Nov-2017 21:42:09 UTC] PHP Stack trace:
[29-Nov-2017 21:42:09 UTC] PHP   1. {main}() /home/ubuntu/workspace/gorozco/lab/lab9/api/getPetInfo.php:0
[29-Nov-2017 21:42:09 UTC] PHP Warning:  include(): Failed opening '../../dbConnection.php' for inclusion (include_path='.:/usr/share/php:/usr/share/pear') in /home/ubuntu/workspace/gorozco/lab/lab9/api/getPetInfo.php on line 3
[29-Nov-2017 21:42:09 UTC] PHP Stack trace:
[29-Nov-2017 21:42:09 UTC] PHP   1. {main}() /home/ubuntu/workspace/gorozco/lab/lab9/api/getPetInfo.php:0
[29-Nov-2017 21:42:09 UTC] PHP Fatal error:  Call to undefined function getDatabaseConnection() in /home/ubuntu/workspace/gorozco/lab/lab9/api/getPetInfo.php on line 4
[29-Nov-2017 21:42:09 UTC] PHP Stack trace:
[29-Nov-2017 21:42:09 UTC] PHP   1. {main}() /home/ubuntu/workspace/gorozco/lab/lab9/api/getPetInfo.php:0
[29-Nov-2017 21:42:29 UTC] PHP Fatal error:  Call to a member function prepare() on a non-object in /home/ubuntu/workspace/gorozco/lab/lab9/api/getPetInfo.php on line 8
[29-Nov-2017 21:42:29 UTC] PHP Stack trace:
[29-Nov-2017 21:42:29 UTC] PHP   1. {main}() /home/ubuntu/workspace/gorozco/lab/lab9/api/getPetInfo.php:0
[29-Nov-2017 21:50:29 UTC] PHP Fatal error:  Call to a member function prepare() on a non-object in /home/ubuntu/workspace/gorozco/lab/lab9/api/getPetInfo.php on line 8
[29-Nov-2017 21:50:29 UTC] PHP Stack trace:
[29-Nov-2017 21:50:29 UTC] PHP   1. {main}() /home/ubuntu/workspace/gorozco/lab/lab9/api/getPetInfo.php:0
[29-Nov-2017 21:52:45 UTC] PHP Fatal error:  Call to a member function prepare() on a non-object in /home/ubuntu/workspace/gorozco/lab/lab9/api/getPetInfo.php on line 8
[29-Nov-2017 21:52:45 UTC] PHP Stack trace:
[29-Nov-2017 21:52:45 UTC] PHP   1. {main}() /home/ubuntu/workspace/gorozco/lab/lab9/api/getPetInfo.php:0
