[08-Sep-2017 19:21:17 UTC] PHP Parse error:  syntax error, unexpected 'echo' (T_ECHO) in /home/ubuntu/workspace/gorozco/practice/randomColor.php on line 17
[08-Sep-2017 19:23:01 UTC] PHP Fatal error:  Call to undefined function random() in /home/ubuntu/workspace/gorozco/practice/randomColor.php on line 16
[08-Sep-2017 19:23:01 UTC] PHP Stack trace:
[08-Sep-2017 19:23:01 UTC] PHP   1. {main}() /home/ubuntu/workspace/gorozco/practice/randomColor.php:0
[08-Sep-2017 19:23:04 UTC] PHP Fatal error:  Call to undefined function random() in /home/ubuntu/workspace/gorozco/practice/randomColor.php on line 16
[08-Sep-2017 19:23:04 UTC] PHP Stack trace:
[08-Sep-2017 19:23:04 UTC] PHP   1. {main}() /home/ubuntu/workspace/gorozco/practice/randomColor.php:0
[08-Sep-2017 19:29:06 UTC] PHP Parse error:  syntax error, unexpected 'rand' (T_STRING), expecting ',' or ';' in /home/ubuntu/workspace/gorozco/practice/randomColor.php on line 17
[08-Sep-2017 19:29:33 UTC] PHP Parse error:  syntax error, unexpected '","' (T_CONSTANT_ENCAPSED_STRING), expecting ',' or ';' in /home/ubuntu/workspace/gorozco/practice/randomColor.php on line 17
[08-Sep-2017 19:30:45 UTC] PHP Parse error:  syntax error, unexpected '","' (T_CONSTANT_ENCAPSED_STRING), expecting ',' or ';' in /home/ubuntu/workspace/gorozco/practice/randomColor.php on line 18
[13-Sep-2017 19:14:58 UTC] PHP Fatal error:  Call to undefined function arry() in /home/ubuntu/workspace/gorozco/practice/php_arrays.php on line 3
[13-Sep-2017 19:14:58 UTC] PHP Stack trace:
[13-Sep-2017 19:14:58 UTC] PHP   1. {main}() /home/ubuntu/workspace/gorozco/practice/php_arrays.php:0
[13-Sep-2017 19:40:42 UTC] PHP Fatal error:  Call to undefined function array_value() in /home/ubuntu/workspace/gorozco/practice/php_arrays.php on line 53
[13-Sep-2017 19:40:42 UTC] PHP Stack trace:
[13-Sep-2017 19:40:42 UTC] PHP   1. {main}() /home/ubuntu/workspace/gorozco/practice/php_arrays.php:0
[11-Oct-2017 19:52:04 UTC] PHP Parse error:  syntax error, unexpected ''root'' (T_CONSTANT_ENCAPSED_STRING) in /home/ubuntu/workspace/gorozco/practice/sql_joins.php on line 4
[11-Oct-2017 19:53:56 UTC] PHP Parse error:  syntax error, unexpected ''root'' (T_CONSTANT_ENCAPSED_STRING) in /home/ubuntu/workspace/gorozco/practice/sql_joins.php on line 4
[11-Oct-2017 19:54:22 UTC] PHP Parse error:  syntax error, unexpected ''root'' (T_CONSTANT_ENCAPSED_STRING) in /home/ubuntu/workspace/gorozco/practice/sql_joins.php on line 4
[11-Oct-2017 19:54:54 UTC] PHP Parse error:  syntax error, unexpected '<' in /home/ubuntu/workspace/gorozco/practice/sql_joins.php on line 32
[11-Oct-2017 19:55:06 UTC] PHP Parse error:  syntax error, unexpected 'Departments' (T_STRING), expecting ',' or ';' in /home/ubuntu/workspace/gorozco/practice/sql_joins.php on line 40
[11-Oct-2017 19:55:25 UTC] PHP Parse error:  syntax error, unexpected 'Departments' (T_STRING), expecting ',' or ';' in /home/ubuntu/workspace/gorozco/practice/sql_joins.php on line 40
[11-Oct-2017 20:19:58 UTC] PHP Parse error:  syntax error, unexpected '' (T_ENCAPSED_AND_WHITESPACE), expecting identifier (T_STRING) or variable (T_VARIABLE) or number (T_NUM_STRING) in /home/ubuntu/workspace/gorozco/practice/sql_joins.php on line 21
