[13-Oct-2017 09:46:13 UTC] PHP Parse error:  syntax error, unexpected '}' in /home/ubuntu/workspace/gorozco/HomeWork/hw3/index.php on line 59
[14-Oct-2017 05:54:52 UTC] PHP Warning:  Missing argument 2 for getImageURLs(), called in /home/ubuntu/workspace/gorozco/HomeWork/hw3/index.php on line 20 and defined in /home/ubuntu/workspace/gorozco/HomeWork/hw3/api/walmartAPI.php on line 5
[14-Oct-2017 05:54:52 UTC] PHP Stack trace:
[14-Oct-2017 05:54:52 UTC] PHP   1. {main}() /home/ubuntu/workspace/gorozco/HomeWork/hw3/index.php:0
[14-Oct-2017 05:54:52 UTC] PHP   2. getImageURLs() /home/ubuntu/workspace/gorozco/HomeWork/hw3/index.php:20
[14-Oct-2017 05:54:52 UTC] PHP Warning:  Missing argument 3 for getImageURLs(), called in /home/ubuntu/workspace/gorozco/HomeWork/hw3/index.php on line 20 and defined in /home/ubuntu/workspace/gorozco/HomeWork/hw3/api/walmartAPI.php on line 5
[14-Oct-2017 05:54:52 UTC] PHP Stack trace:
[14-Oct-2017 05:54:52 UTC] PHP   1. {main}() /home/ubuntu/workspace/gorozco/HomeWork/hw3/index.php:0
[14-Oct-2017 05:54:52 UTC] PHP   2. getImageURLs() /home/ubuntu/workspace/gorozco/HomeWork/hw3/index.php:20
[14-Oct-2017 05:56:40 UTC] PHP Warning:  Missing argument 2 for getImageURLs(), called in /home/ubuntu/workspace/gorozco/HomeWork/hw3/index.php on line 20 and defined in /home/ubuntu/workspace/gorozco/HomeWork/hw3/api/walmartAPI.php on line 5
[14-Oct-2017 05:56:40 UTC] PHP Stack trace:
[14-Oct-2017 05:56:40 UTC] PHP   1. {main}() /home/ubuntu/workspace/gorozco/HomeWork/hw3/index.php:0
[14-Oct-2017 05:56:40 UTC] PHP   2. getImageURLs() /home/ubuntu/workspace/gorozco/HomeWork/hw3/index.php:20
[14-Oct-2017 05:56:40 UTC] PHP Warning:  Missing argument 3 for getImageURLs(), called in /home/ubuntu/workspace/gorozco/HomeWork/hw3/index.php on line 20 and defined in /home/ubuntu/workspace/gorozco/HomeWork/hw3/api/walmartAPI.php on line 5
[14-Oct-2017 05:56:40 UTC] PHP Stack trace:
[14-Oct-2017 05:56:40 UTC] PHP   1. {main}() /home/ubuntu/workspace/gorozco/HomeWork/hw3/index.php:0
[14-Oct-2017 05:56:40 UTC] PHP   2. getImageURLs() /home/ubuntu/workspace/gorozco/HomeWork/hw3/index.php:20
[14-Oct-2017 08:06:45 UTC] PHP Warning:  Missing argument 2 for getImageURLs(), called in /home/ubuntu/workspace/gorozco/HomeWork/hw3/index.php on line 20 and defined in /home/ubuntu/workspace/gorozco/HomeWork/hw3/api/walmartAPI.php on line 5
[14-Oct-2017 08:06:45 UTC] PHP Stack trace:
[14-Oct-2017 08:06:45 UTC] PHP   1. {main}() /home/ubuntu/workspace/gorozco/HomeWork/hw3/index.php:0
[14-Oct-2017 08:06:45 UTC] PHP   2. getImageURLs() /home/ubuntu/workspace/gorozco/HomeWork/hw3/index.php:20
[14-Oct-2017 08:06:45 UTC] PHP Warning:  Missing argument 3 for getImageURLs(), called in /home/ubuntu/workspace/gorozco/HomeWork/hw3/index.php on line 20 and defined in /home/ubuntu/workspace/gorozco/HomeWork/hw3/api/walmartAPI.php on line 5
[14-Oct-2017 08:06:45 UTC] PHP Stack trace:
[14-Oct-2017 08:06:45 UTC] PHP   1. {main}() /home/ubuntu/workspace/gorozco/HomeWork/hw3/index.php:0
[14-Oct-2017 08:06:45 UTC] PHP   2. getImageURLs() /home/ubuntu/workspace/gorozco/HomeWork/hw3/index.php:20
[14-Oct-2017 08:09:31 UTC] PHP Warning:  Missing argument 2 for getImageURLs(), called in /home/ubuntu/workspace/gorozco/HomeWork/hw3/index.php on line 20 and defined in /home/ubuntu/workspace/gorozco/HomeWork/hw3/api/walmartAPI.php on line 5
[14-Oct-2017 08:09:31 UTC] PHP Stack trace:
[14-Oct-2017 08:09:31 UTC] PHP   1. {main}() /home/ubuntu/workspace/gorozco/HomeWork/hw3/index.php:0
[14-Oct-2017 08:09:31 UTC] PHP   2. getImageURLs() /home/ubuntu/workspace/gorozco/HomeWork/hw3/index.php:20
[14-Oct-2017 08:09:31 UTC] PHP Warning:  Missing argument 3 for getImageURLs(), called in /home/ubuntu/workspace/gorozco/HomeWork/hw3/index.php on line 20 and defined in /home/ubuntu/workspace/gorozco/HomeWork/hw3/api/walmartAPI.php on line 5
[14-Oct-2017 08:09:31 UTC] PHP Stack trace:
[14-Oct-2017 08:09:31 UTC] PHP   1. {main}() /home/ubuntu/workspace/gorozco/HomeWork/hw3/index.php:0
[14-Oct-2017 08:09:31 UTC] PHP   2. getImageURLs() /home/ubuntu/workspace/gorozco/HomeWork/hw3/index.php:20
[25-Oct-2017 09:03:09 UTC] PHP Warning:  Missing argument 2 for getImageURLs(), called in /home/ubuntu/workspace/gorozco/HomeWork/hw3/index.php on line 20 and defined in /home/ubuntu/workspace/gorozco/HomeWork/hw3/api/walmartAPI.php on line 5
[25-Oct-2017 09:03:09 UTC] PHP Stack trace:
[25-Oct-2017 09:03:09 UTC] PHP   1. {main}() /home/ubuntu/workspace/gorozco/HomeWork/hw3/index.php:0
[25-Oct-2017 09:03:09 UTC] PHP   2. getImageURLs() /home/ubuntu/workspace/gorozco/HomeWork/hw3/index.php:20
[25-Oct-2017 09:03:09 UTC] PHP Warning:  Missing argument 3 for getImageURLs(), called in /home/ubuntu/workspace/gorozco/HomeWork/hw3/index.php on line 20 and defined in /home/ubuntu/workspace/gorozco/HomeWork/hw3/api/walmartAPI.php on line 5
[25-Oct-2017 09:03:09 UTC] PHP Stack trace:
[25-Oct-2017 09:03:09 UTC] PHP   1. {main}() /home/ubuntu/workspace/gorozco/HomeWork/hw3/index.php:0
[25-Oct-2017 09:03:09 UTC] PHP   2. getImageURLs() /home/ubuntu/workspace/gorozco/HomeWork/hw3/index.php:20
[25-Oct-2017 09:03:21 UTC] PHP Warning:  Missing argument 2 for getImageURLs(), called in /home/ubuntu/workspace/gorozco/HomeWork/hw3/index.php on line 20 and defined in /home/ubuntu/workspace/gorozco/HomeWork/hw3/api/walmartAPI.php on line 5
[25-Oct-2017 09:03:21 UTC] PHP Stack trace:
[25-Oct-2017 09:03:21 UTC] PHP   1. {main}() /home/ubuntu/workspace/gorozco/HomeWork/hw3/index.php:0
[25-Oct-2017 09:03:21 UTC] PHP   2. getImageURLs() /home/ubuntu/workspace/gorozco/HomeWork/hw3/index.php:20
[25-Oct-2017 09:03:21 UTC] PHP Warning:  Missing argument 3 for getImageURLs(), called in /home/ubuntu/workspace/gorozco/HomeWork/hw3/index.php on line 20 and defined in /home/ubuntu/workspace/gorozco/HomeWork/hw3/api/walmartAPI.php on line 5
[25-Oct-2017 09:03:21 UTC] PHP Stack trace:
[25-Oct-2017 09:03:21 UTC] PHP   1. {main}() /home/ubuntu/workspace/gorozco/HomeWork/hw3/index.php:0
[25-Oct-2017 09:03:21 UTC] PHP   2. getImageURLs() /home/ubuntu/workspace/gorozco/HomeWork/hw3/index.php:20
[25-Oct-2017 09:05:14 UTC] PHP Warning:  Missing argument 2 for getImageURLs(), called in /home/ubuntu/workspace/gorozco/HomeWork/hw3/index.php on line 20 and defined in /home/ubuntu/workspace/gorozco/HomeWork/hw3/api/walmartAPI.php on line 5
[25-Oct-2017 09:05:14 UTC] PHP Stack trace:
[25-Oct-2017 09:05:14 UTC] PHP   1. {main}() /home/ubuntu/workspace/gorozco/HomeWork/hw3/index.php:0
[25-Oct-2017 09:05:14 UTC] PHP   2. getImageURLs() /home/ubuntu/workspace/gorozco/HomeWork/hw3/index.php:20
[25-Oct-2017 09:05:14 UTC] PHP Warning:  Missing argument 3 for getImageURLs(), called in /home/ubuntu/workspace/gorozco/HomeWork/hw3/index.php on line 20 and defined in /home/ubuntu/workspace/gorozco/HomeWork/hw3/api/walmartAPI.php on line 5
[25-Oct-2017 09:05:14 UTC] PHP Stack trace:
[25-Oct-2017 09:05:14 UTC] PHP   1. {main}() /home/ubuntu/workspace/gorozco/HomeWork/hw3/index.php:0
[25-Oct-2017 09:05:14 UTC] PHP   2. getImageURLs() /home/ubuntu/workspace/gorozco/HomeWork/hw3/index.php:20
[25-Oct-2017 09:05:17 UTC] PHP Warning:  Missing argument 2 for getImageURLs(), called in /home/ubuntu/workspace/gorozco/HomeWork/hw3/index.php on line 20 and defined in /home/ubuntu/workspace/gorozco/HomeWork/hw3/api/walmartAPI.php on line 5
[25-Oct-2017 09:05:17 UTC] PHP Stack trace:
[25-Oct-2017 09:05:17 UTC] PHP   1. {main}() /home/ubuntu/workspace/gorozco/HomeWork/hw3/index.php:0
[25-Oct-2017 09:05:17 UTC] PHP   2. getImageURLs() /home/ubuntu/workspace/gorozco/HomeWork/hw3/index.php:20
[25-Oct-2017 09:05:17 UTC] PHP Warning:  Missing argument 3 for getImageURLs(), called in /home/ubuntu/workspace/gorozco/HomeWork/hw3/index.php on line 20 and defined in /home/ubuntu/workspace/gorozco/HomeWork/hw3/api/walmartAPI.php on line 5
[25-Oct-2017 09:05:17 UTC] PHP Stack trace:
[25-Oct-2017 09:05:17 UTC] PHP   1. {main}() /home/ubuntu/workspace/gorozco/HomeWork/hw3/index.php:0
[25-Oct-2017 09:05:17 UTC] PHP   2. getImageURLs() /home/ubuntu/workspace/gorozco/HomeWork/hw3/index.php:20
[25-Oct-2017 09:05:25 UTC] PHP Warning:  Missing argument 2 for getImageURLs(), called in /home/ubuntu/workspace/gorozco/HomeWork/hw3/index.php on line 20 and defined in /home/ubuntu/workspace/gorozco/HomeWork/hw3/api/walmartAPI.php on line 5
[25-Oct-2017 09:05:25 UTC] PHP Stack trace:
[25-Oct-2017 09:05:25 UTC] PHP   1. {main}() /home/ubuntu/workspace/gorozco/HomeWork/hw3/index.php:0
[25-Oct-2017 09:05:25 UTC] PHP   2. getImageURLs() /home/ubuntu/workspace/gorozco/HomeWork/hw3/index.php:20
[25-Oct-2017 09:05:25 UTC] PHP Warning:  Missing argument 3 for getImageURLs(), called in /home/ubuntu/workspace/gorozco/HomeWork/hw3/index.php on line 20 and defined in /home/ubuntu/workspace/gorozco/HomeWork/hw3/api/walmartAPI.php on line 5
[25-Oct-2017 09:05:25 UTC] PHP Stack trace:
[25-Oct-2017 09:05:25 UTC] PHP   1. {main}() /home/ubuntu/workspace/gorozco/HomeWork/hw3/index.php:0
[25-Oct-2017 09:05:25 UTC] PHP   2. getImageURLs() /home/ubuntu/workspace/gorozco/HomeWork/hw3/index.php:20
[25-Oct-2017 09:05:30 UTC] PHP Warning:  Missing argument 2 for getImageURLs(), called in /home/ubuntu/workspace/gorozco/HomeWork/hw3/index.php on line 20 and defined in /home/ubuntu/workspace/gorozco/HomeWork/hw3/api/walmartAPI.php on line 5
[25-Oct-2017 09:05:30 UTC] PHP Stack trace:
[25-Oct-2017 09:05:30 UTC] PHP   1. {main}() /home/ubuntu/workspace/gorozco/HomeWork/hw3/index.php:0
[25-Oct-2017 09:05:30 UTC] PHP   2. getImageURLs() /home/ubuntu/workspace/gorozco/HomeWork/hw3/index.php:20
[25-Oct-2017 09:05:30 UTC] PHP Warning:  Missing argument 3 for getImageURLs(), called in /home/ubuntu/workspace/gorozco/HomeWork/hw3/index.php on line 20 and defined in /home/ubuntu/workspace/gorozco/HomeWork/hw3/api/walmartAPI.php on line 5
[25-Oct-2017 09:05:30 UTC] PHP Stack trace:
[25-Oct-2017 09:05:30 UTC] PHP   1. {main}() /home/ubuntu/workspace/gorozco/HomeWork/hw3/index.php:0
[25-Oct-2017 09:05:30 UTC] PHP   2. getImageURLs() /home/ubuntu/workspace/gorozco/HomeWork/hw3/index.php:20
[25-Oct-2017 09:06:00 UTC] PHP Warning:  Missing argument 2 for getImageURLs(), called in /home/ubuntu/workspace/gorozco/HomeWork/hw3/index.php on line 20 and defined in /home/ubuntu/workspace/gorozco/HomeWork/hw3/api/walmartAPI.php on line 5
[25-Oct-2017 09:06:00 UTC] PHP Stack trace:
[25-Oct-2017 09:06:00 UTC] PHP   1. {main}() /home/ubuntu/workspace/gorozco/HomeWork/hw3/index.php:0
[25-Oct-2017 09:06:00 UTC] PHP   2. getImageURLs() /home/ubuntu/workspace/gorozco/HomeWork/hw3/index.php:20
[25-Oct-2017 09:06:00 UTC] PHP Warning:  Missing argument 3 for getImageURLs(), called in /home/ubuntu/workspace/gorozco/HomeWork/hw3/index.php on line 20 and defined in /home/ubuntu/workspace/gorozco/HomeWork/hw3/api/walmartAPI.php on line 5
[25-Oct-2017 09:06:00 UTC] PHP Stack trace:
[25-Oct-2017 09:06:00 UTC] PHP   1. {main}() /home/ubuntu/workspace/gorozco/HomeWork/hw3/index.php:0
[25-Oct-2017 09:06:00 UTC] PHP   2. getImageURLs() /home/ubuntu/workspace/gorozco/HomeWork/hw3/index.php:20
[25-Oct-2017 09:06:04 UTC] PHP Warning:  Missing argument 2 for getImageURLs(), called in /home/ubuntu/workspace/gorozco/HomeWork/hw3/index.php on line 20 and defined in /home/ubuntu/workspace/gorozco/HomeWork/hw3/api/walmartAPI.php on line 5
[25-Oct-2017 09:06:04 UTC] PHP Stack trace:
[25-Oct-2017 09:06:04 UTC] PHP   1. {main}() /home/ubuntu/workspace/gorozco/HomeWork/hw3/index.php:0
[25-Oct-2017 09:06:04 UTC] PHP   2. getImageURLs() /home/ubuntu/workspace/gorozco/HomeWork/hw3/index.php:20
[25-Oct-2017 09:06:04 UTC] PHP Warning:  Missing argument 3 for getImageURLs(), called in /home/ubuntu/workspace/gorozco/HomeWork/hw3/index.php on line 20 and defined in /home/ubuntu/workspace/gorozco/HomeWork/hw3/api/walmartAPI.php on line 5
[25-Oct-2017 09:06:04 UTC] PHP Stack trace:
[25-Oct-2017 09:06:04 UTC] PHP   1. {main}() /home/ubuntu/workspace/gorozco/HomeWork/hw3/index.php:0
[25-Oct-2017 09:06:04 UTC] PHP   2. getImageURLs() /home/ubuntu/workspace/gorozco/HomeWork/hw3/index.php:20
[25-Oct-2017 09:13:48 UTC] PHP Warning:  Missing argument 2 for getImageURLs(), called in /home/ubuntu/workspace/gorozco/HomeWork/hw3/index.php on line 20 and defined in /home/ubuntu/workspace/gorozco/HomeWork/hw3/api/walmartAPI.php on line 5
[25-Oct-2017 09:13:48 UTC] PHP Stack trace:
[25-Oct-2017 09:13:48 UTC] PHP   1. {main}() /home/ubuntu/workspace/gorozco/HomeWork/hw3/index.php:0
[25-Oct-2017 09:13:48 UTC] PHP   2. getImageURLs() /home/ubuntu/workspace/gorozco/HomeWork/hw3/index.php:20
[25-Oct-2017 09:13:48 UTC] PHP Warning:  Missing argument 3 for getImageURLs(), called in /home/ubuntu/workspace/gorozco/HomeWork/hw3/index.php on line 20 and defined in /home/ubuntu/workspace/gorozco/HomeWork/hw3/api/walmartAPI.php on line 5
[25-Oct-2017 09:13:48 UTC] PHP Stack trace:
[25-Oct-2017 09:13:48 UTC] PHP   1. {main}() /home/ubuntu/workspace/gorozco/HomeWork/hw3/index.php:0
[25-Oct-2017 09:13:48 UTC] PHP   2. getImageURLs() /home/ubuntu/workspace/gorozco/HomeWork/hw3/index.php:20
[25-Oct-2017 09:14:58 UTC] PHP Warning:  Missing argument 2 for getImageURLs(), called in /home/ubuntu/workspace/gorozco/HomeWork/hw3/index.php on line 20 and defined in /home/ubuntu/workspace/gorozco/HomeWork/hw3/api/walmartAPI.php on line 5
[25-Oct-2017 09:14:58 UTC] PHP Stack trace:
[25-Oct-2017 09:14:58 UTC] PHP   1. {main}() /home/ubuntu/workspace/gorozco/HomeWork/hw3/index.php:0
[25-Oct-2017 09:14:58 UTC] PHP   2. getImageURLs() /home/ubuntu/workspace/gorozco/HomeWork/hw3/index.php:20
[25-Oct-2017 09:14:58 UTC] PHP Warning:  Missing argument 3 for getImageURLs(), called in /home/ubuntu/workspace/gorozco/HomeWork/hw3/index.php on line 20 and defined in /home/ubuntu/workspace/gorozco/HomeWork/hw3/api/walmartAPI.php on line 5
[25-Oct-2017 09:14:58 UTC] PHP Stack trace:
[25-Oct-2017 09:14:58 UTC] PHP   1. {main}() /home/ubuntu/workspace/gorozco/HomeWork/hw3/index.php:0
[25-Oct-2017 09:14:58 UTC] PHP   2. getImageURLs() /home/ubuntu/workspace/gorozco/HomeWork/hw3/index.php:20
[25-Oct-2017 09:14:58 UTC] PHP Warning:  implode(): Invalid arguments passed in /home/ubuntu/workspace/gorozco/HomeWork/hw3/index.php on line 101
[25-Oct-2017 09:14:58 UTC] PHP Stack trace:
[25-Oct-2017 09:14:58 UTC] PHP   1. {main}() /home/ubuntu/workspace/gorozco/HomeWork/hw3/index.php:0
[25-Oct-2017 09:14:58 UTC] PHP   2. implode() /home/ubuntu/workspace/gorozco/HomeWork/hw3/index.php:101
[25-Oct-2017 09:17:21 UTC] PHP Warning:  Missing argument 2 for getImageURLs(), called in /home/ubuntu/workspace/gorozco/HomeWork/hw3/index.php on line 20 and defined in /home/ubuntu/workspace/gorozco/HomeWork/hw3/api/walmartAPI.php on line 5
[25-Oct-2017 09:17:21 UTC] PHP Stack trace:
[25-Oct-2017 09:17:21 UTC] PHP   1. {main}() /home/ubuntu/workspace/gorozco/HomeWork/hw3/index.php:0
[25-Oct-2017 09:17:21 UTC] PHP   2. getImageURLs() /home/ubuntu/workspace/gorozco/HomeWork/hw3/index.php:20
[25-Oct-2017 09:17:21 UTC] PHP Warning:  Missing argument 3 for getImageURLs(), called in /home/ubuntu/workspace/gorozco/HomeWork/hw3/index.php on line 20 and defined in /home/ubuntu/workspace/gorozco/HomeWork/hw3/api/walmartAPI.php on line 5
[25-Oct-2017 09:17:21 UTC] PHP Stack trace:
[25-Oct-2017 09:17:21 UTC] PHP   1. {main}() /home/ubuntu/workspace/gorozco/HomeWork/hw3/index.php:0
[25-Oct-2017 09:17:21 UTC] PHP   2. getImageURLs() /home/ubuntu/workspace/gorozco/HomeWork/hw3/index.php:20
[25-Oct-2017 09:17:24 UTC] PHP Warning:  Missing argument 2 for getImageURLs(), called in /home/ubuntu/workspace/gorozco/HomeWork/hw3/index.php on line 20 and defined in /home/ubuntu/workspace/gorozco/HomeWork/hw3/api/walmartAPI.php on line 5
[25-Oct-2017 09:17:24 UTC] PHP Stack trace:
[25-Oct-2017 09:17:24 UTC] PHP   1. {main}() /home/ubuntu/workspace/gorozco/HomeWork/hw3/index.php:0
[25-Oct-2017 09:17:24 UTC] PHP   2. getImageURLs() /home/ubuntu/workspace/gorozco/HomeWork/hw3/index.php:20
[25-Oct-2017 09:17:24 UTC] PHP Warning:  Missing argument 3 for getImageURLs(), called in /home/ubuntu/workspace/gorozco/HomeWork/hw3/index.php on line 20 and defined in /home/ubuntu/workspace/gorozco/HomeWork/hw3/api/walmartAPI.php on line 5
[25-Oct-2017 09:17:24 UTC] PHP Stack trace:
[25-Oct-2017 09:17:24 UTC] PHP   1. {main}() /home/ubuntu/workspace/gorozco/HomeWork/hw3/index.php:0
[25-Oct-2017 09:17:24 UTC] PHP   2. getImageURLs() /home/ubuntu/workspace/gorozco/HomeWork/hw3/index.php:20
[25-Oct-2017 09:20:06 UTC] PHP Warning:  Missing argument 2 for getImageURLs(), called in /home/ubuntu/workspace/gorozco/HomeWork/hw3/index.php on line 20 and defined in /home/ubuntu/workspace/gorozco/HomeWork/hw3/api/walmartAPI.php on line 5
[25-Oct-2017 09:20:06 UTC] PHP Stack trace:
[25-Oct-2017 09:20:06 UTC] PHP   1. {main}() /home/ubuntu/workspace/gorozco/HomeWork/hw3/index.php:0
[25-Oct-2017 09:20:06 UTC] PHP   2. getImageURLs() /home/ubuntu/workspace/gorozco/HomeWork/hw3/index.php:20
[25-Oct-2017 09:20:06 UTC] PHP Warning:  Missing argument 3 for getImageURLs(), called in /home/ubuntu/workspace/gorozco/HomeWork/hw3/index.php on line 20 and defined in /home/ubuntu/workspace/gorozco/HomeWork/hw3/api/walmartAPI.php on line 5
[25-Oct-2017 09:20:06 UTC] PHP Stack trace:
[25-Oct-2017 09:20:06 UTC] PHP   1. {main}() /home/ubuntu/workspace/gorozco/HomeWork/hw3/index.php:0
[25-Oct-2017 09:20:06 UTC] PHP   2. getImageURLs() /home/ubuntu/workspace/gorozco/HomeWork/hw3/index.php:20
[25-Oct-2017 09:20:13 UTC] PHP Warning:  Missing argument 2 for getImageURLs(), called in /home/ubuntu/workspace/gorozco/HomeWork/hw3/index.php on line 20 and defined in /home/ubuntu/workspace/gorozco/HomeWork/hw3/api/walmartAPI.php on line 5
[25-Oct-2017 09:20:13 UTC] PHP Stack trace:
[25-Oct-2017 09:20:13 UTC] PHP   1. {main}() /home/ubuntu/workspace/gorozco/HomeWork/hw3/index.php:0
[25-Oct-2017 09:20:13 UTC] PHP   2. getImageURLs() /home/ubuntu/workspace/gorozco/HomeWork/hw3/index.php:20
[25-Oct-2017 09:20:13 UTC] PHP Warning:  Missing argument 3 for getImageURLs(), called in /home/ubuntu/workspace/gorozco/HomeWork/hw3/index.php on line 20 and defined in /home/ubuntu/workspace/gorozco/HomeWork/hw3/api/walmartAPI.php on line 5
[25-Oct-2017 09:20:13 UTC] PHP Stack trace:
[25-Oct-2017 09:20:13 UTC] PHP   1. {main}() /home/ubuntu/workspace/gorozco/HomeWork/hw3/index.php:0
[25-Oct-2017 09:20:13 UTC] PHP   2. getImageURLs() /home/ubuntu/workspace/gorozco/HomeWork/hw3/index.php:20
[25-Oct-2017 09:20:15 UTC] PHP Warning:  Missing argument 2 for getImageURLs(), called in /home/ubuntu/workspace/gorozco/HomeWork/hw3/index.php on line 20 and defined in /home/ubuntu/workspace/gorozco/HomeWork/hw3/api/walmartAPI.php on line 5
[25-Oct-2017 09:20:15 UTC] PHP Stack trace:
[25-Oct-2017 09:20:15 UTC] PHP   1. {main}() /home/ubuntu/workspace/gorozco/HomeWork/hw3/index.php:0
[25-Oct-2017 09:20:15 UTC] PHP   2. getImageURLs() /home/ubuntu/workspace/gorozco/HomeWork/hw3/index.php:20
[25-Oct-2017 09:20:15 UTC] PHP Warning:  Missing argument 3 for getImageURLs(), called in /home/ubuntu/workspace/gorozco/HomeWork/hw3/index.php on line 20 and defined in /home/ubuntu/workspace/gorozco/HomeWork/hw3/api/walmartAPI.php on line 5
[25-Oct-2017 09:20:15 UTC] PHP Stack trace:
[25-Oct-2017 09:20:15 UTC] PHP   1. {main}() /home/ubuntu/workspace/gorozco/HomeWork/hw3/index.php:0
[25-Oct-2017 09:20:15 UTC] PHP   2. getImageURLs() /home/ubuntu/workspace/gorozco/HomeWork/hw3/index.php:20
[25-Oct-2017 09:20:25 UTC] PHP Warning:  Missing argument 2 for getImageURLs(), called in /home/ubuntu/workspace/gorozco/HomeWork/hw3/index.php on line 20 and defined in /home/ubuntu/workspace/gorozco/HomeWork/hw3/api/walmartAPI.php on line 5
[25-Oct-2017 09:20:25 UTC] PHP Stack trace:
[25-Oct-2017 09:20:25 UTC] PHP   1. {main}() /home/ubuntu/workspace/gorozco/HomeWork/hw3/index.php:0
[25-Oct-2017 09:20:25 UTC] PHP   2. getImageURLs() /home/ubuntu/workspace/gorozco/HomeWork/hw3/index.php:20
[25-Oct-2017 09:20:25 UTC] PHP Warning:  Missing argument 3 for getImageURLs(), called in /home/ubuntu/workspace/gorozco/HomeWork/hw3/index.php on line 20 and defined in /home/ubuntu/workspace/gorozco/HomeWork/hw3/api/walmartAPI.php on line 5
[25-Oct-2017 09:20:25 UTC] PHP Stack trace:
[25-Oct-2017 09:20:25 UTC] PHP   1. {main}() /home/ubuntu/workspace/gorozco/HomeWork/hw3/index.php:0
[25-Oct-2017 09:20:25 UTC] PHP   2. getImageURLs() /home/ubuntu/workspace/gorozco/HomeWork/hw3/index.php:20
[25-Oct-2017 09:22:24 UTC] PHP Warning:  Missing argument 2 for getImageURLs(), called in /home/ubuntu/workspace/gorozco/HomeWork/hw3/index.php on line 20 and defined in /home/ubuntu/workspace/gorozco/HomeWork/hw3/api/walmartAPI.php on line 5
[25-Oct-2017 09:22:24 UTC] PHP Stack trace:
[25-Oct-2017 09:22:24 UTC] PHP   1. {main}() /home/ubuntu/workspace/gorozco/HomeWork/hw3/index.php:0
[25-Oct-2017 09:22:24 UTC] PHP   2. getImageURLs() /home/ubuntu/workspace/gorozco/HomeWork/hw3/index.php:20
[25-Oct-2017 09:22:24 UTC] PHP Warning:  Missing argument 3 for getImageURLs(), called in /home/ubuntu/workspace/gorozco/HomeWork/hw3/index.php on line 20 and defined in /home/ubuntu/workspace/gorozco/HomeWork/hw3/api/walmartAPI.php on line 5
[25-Oct-2017 09:22:24 UTC] PHP Stack trace:
[25-Oct-2017 09:22:24 UTC] PHP   1. {main}() /home/ubuntu/workspace/gorozco/HomeWork/hw3/index.php:0
[25-Oct-2017 09:22:24 UTC] PHP   2. getImageURLs() /home/ubuntu/workspace/gorozco/HomeWork/hw3/index.php:20
[25-Oct-2017 09:22:55 UTC] PHP Warning:  Missing argument 2 for getImageURLs(), called in /home/ubuntu/workspace/gorozco/HomeWork/hw3/index.php on line 20 and defined in /home/ubuntu/workspace/gorozco/HomeWork/hw3/api/walmartAPI.php on line 5
[25-Oct-2017 09:22:55 UTC] PHP Stack trace:
[25-Oct-2017 09:22:55 UTC] PHP   1. {main}() /home/ubuntu/workspace/gorozco/HomeWork/hw3/index.php:0
[25-Oct-2017 09:22:55 UTC] PHP   2. getImageURLs() /home/ubuntu/workspace/gorozco/HomeWork/hw3/index.php:20
[25-Oct-2017 09:22:55 UTC] PHP Warning:  Missing argument 3 for getImageURLs(), called in /home/ubuntu/workspace/gorozco/HomeWork/hw3/index.php on line 20 and defined in /home/ubuntu/workspace/gorozco/HomeWork/hw3/api/walmartAPI.php on line 5
[25-Oct-2017 09:22:55 UTC] PHP Stack trace:
[25-Oct-2017 09:22:55 UTC] PHP   1. {main}() /home/ubuntu/workspace/gorozco/HomeWork/hw3/index.php:0
[25-Oct-2017 09:22:55 UTC] PHP   2. getImageURLs() /home/ubuntu/workspace/gorozco/HomeWork/hw3/index.php:20
[25-Oct-2017 10:06:57 UTC] PHP Warning:  Missing argument 4 for getImageURLs(), called in /home/ubuntu/workspace/gorozco/HomeWork/hw3/index.php on line 20 and defined in /home/ubuntu/workspace/gorozco/HomeWork/hw3/api/walmartAPI.php on line 5
[25-Oct-2017 10:06:57 UTC] PHP Stack trace:
[25-Oct-2017 10:06:57 UTC] PHP   1. {main}() /home/ubuntu/workspace/gorozco/HomeWork/hw3/index.php:0
[25-Oct-2017 10:06:57 UTC] PHP   2. getImageURLs() /home/ubuntu/workspace/gorozco/HomeWork/hw3/index.php:20
[25-Oct-2017 10:07:00 UTC] PHP Warning:  Missing argument 4 for getImageURLs(), called in /home/ubuntu/workspace/gorozco/HomeWork/hw3/index.php on line 20 and defined in /home/ubuntu/workspace/gorozco/HomeWork/hw3/api/walmartAPI.php on line 5
[25-Oct-2017 10:07:00 UTC] PHP Stack trace:
[25-Oct-2017 10:07:00 UTC] PHP   1. {main}() /home/ubuntu/workspace/gorozco/HomeWork/hw3/index.php:0
[25-Oct-2017 10:07:00 UTC] PHP   2. getImageURLs() /home/ubuntu/workspace/gorozco/HomeWork/hw3/index.php:20
[25-Oct-2017 10:07:51 UTC] PHP Warning:  Missing argument 4 for getImageURLs(), called in /home/ubuntu/workspace/gorozco/HomeWork/hw3/index.php on line 20 and defined in /home/ubuntu/workspace/gorozco/HomeWork/hw3/api/walmartAPI.php on line 5
[25-Oct-2017 10:07:51 UTC] PHP Stack trace:
[25-Oct-2017 10:07:51 UTC] PHP   1. {main}() /home/ubuntu/workspace/gorozco/HomeWork/hw3/index.php:0
[25-Oct-2017 10:07:51 UTC] PHP   2. getImageURLs() /home/ubuntu/workspace/gorozco/HomeWork/hw3/index.php:20
[25-Oct-2017 10:07:59 UTC] PHP Warning:  Missing argument 4 for getImageURLs(), called in /home/ubuntu/workspace/gorozco/HomeWork/hw3/index.php on line 20 and defined in /home/ubuntu/workspace/gorozco/HomeWork/hw3/api/walmartAPI.php on line 5
[25-Oct-2017 10:07:59 UTC] PHP Stack trace:
[25-Oct-2017 10:07:59 UTC] PHP   1. {main}() /home/ubuntu/workspace/gorozco/HomeWork/hw3/index.php:0
[25-Oct-2017 10:07:59 UTC] PHP   2. getImageURLs() /home/ubuntu/workspace/gorozco/HomeWork/hw3/index.php:20
[25-Oct-2017 10:08:16 UTC] PHP Warning:  Missing argument 4 for getImageURLs(), called in /home/ubuntu/workspace/gorozco/HomeWork/hw3/index.php on line 20 and defined in /home/ubuntu/workspace/gorozco/HomeWork/hw3/api/walmartAPI.php on line 5
[25-Oct-2017 10:08:16 UTC] PHP Stack trace:
[25-Oct-2017 10:08:16 UTC] PHP   1. {main}() /home/ubuntu/workspace/gorozco/HomeWork/hw3/index.php:0
[25-Oct-2017 10:08:16 UTC] PHP   2. getImageURLs() /home/ubuntu/workspace/gorozco/HomeWork/hw3/index.php:20
[25-Oct-2017 10:08:19 UTC] PHP Warning:  Missing argument 4 for getImageURLs(), called in /home/ubuntu/workspace/gorozco/HomeWork/hw3/index.php on line 20 and defined in /home/ubuntu/workspace/gorozco/HomeWork/hw3/api/walmartAPI.php on line 5
[25-Oct-2017 10:08:19 UTC] PHP Stack trace:
[25-Oct-2017 10:08:19 UTC] PHP   1. {main}() /home/ubuntu/workspace/gorozco/HomeWork/hw3/index.php:0
[25-Oct-2017 10:08:19 UTC] PHP   2. getImageURLs() /home/ubuntu/workspace/gorozco/HomeWork/hw3/index.php:20
[25-Oct-2017 10:08:45 UTC] PHP Warning:  Missing argument 4 for getImageURLs(), called in /home/ubuntu/workspace/gorozco/HomeWork/hw3/index.php on line 20 and defined in /home/ubuntu/workspace/gorozco/HomeWork/hw3/api/walmartAPI.php on line 5
[25-Oct-2017 10:08:45 UTC] PHP Stack trace:
[25-Oct-2017 10:08:45 UTC] PHP   1. {main}() /home/ubuntu/workspace/gorozco/HomeWork/hw3/index.php:0
[25-Oct-2017 10:08:45 UTC] PHP   2. getImageURLs() /home/ubuntu/workspace/gorozco/HomeWork/hw3/index.php:20
[25-Oct-2017 10:08:49 UTC] PHP Warning:  Missing argument 4 for getImageURLs(), called in /home/ubuntu/workspace/gorozco/HomeWork/hw3/index.php on line 20 and defined in /home/ubuntu/workspace/gorozco/HomeWork/hw3/api/walmartAPI.php on line 5
[25-Oct-2017 10:08:49 UTC] PHP Stack trace:
[25-Oct-2017 10:08:49 UTC] PHP   1. {main}() /home/ubuntu/workspace/gorozco/HomeWork/hw3/index.php:0
[25-Oct-2017 10:08:49 UTC] PHP   2. getImageURLs() /home/ubuntu/workspace/gorozco/HomeWork/hw3/index.php:20
[25-Oct-2017 10:09:41 UTC] PHP Warning:  Missing argument 4 for getImageURLs(), called in /home/ubuntu/workspace/gorozco/HomeWork/hw3/index.php on line 20 and defined in /home/ubuntu/workspace/gorozco/HomeWork/hw3/api/walmartAPI.php on line 5
[25-Oct-2017 10:09:41 UTC] PHP Stack trace:
[25-Oct-2017 10:09:41 UTC] PHP   1. {main}() /home/ubuntu/workspace/gorozco/HomeWork/hw3/index.php:0
[25-Oct-2017 10:09:41 UTC] PHP   2. getImageURLs() /home/ubuntu/workspace/gorozco/HomeWork/hw3/index.php:20
[25-Oct-2017 10:09:44 UTC] PHP Warning:  Missing argument 4 for getImageURLs(), called in /home/ubuntu/workspace/gorozco/HomeWork/hw3/index.php on line 20 and defined in /home/ubuntu/workspace/gorozco/HomeWork/hw3/api/walmartAPI.php on line 5
[25-Oct-2017 10:09:44 UTC] PHP Stack trace:
[25-Oct-2017 10:09:44 UTC] PHP   1. {main}() /home/ubuntu/workspace/gorozco/HomeWork/hw3/index.php:0
[25-Oct-2017 10:09:44 UTC] PHP   2. getImageURLs() /home/ubuntu/workspace/gorozco/HomeWork/hw3/index.php:20
[25-Oct-2017 10:09:46 UTC] PHP Warning:  Missing argument 4 for getImageURLs(), called in /home/ubuntu/workspace/gorozco/HomeWork/hw3/index.php on line 20 and defined in /home/ubuntu/workspace/gorozco/HomeWork/hw3/api/walmartAPI.php on line 5
[25-Oct-2017 10:09:46 UTC] PHP Stack trace:
[25-Oct-2017 10:09:46 UTC] PHP   1. {main}() /home/ubuntu/workspace/gorozco/HomeWork/hw3/index.php:0
[25-Oct-2017 10:09:46 UTC] PHP   2. getImageURLs() /home/ubuntu/workspace/gorozco/HomeWork/hw3/index.php:20
[25-Oct-2017 10:11:13 UTC] PHP Warning:  Missing argument 4 for getImageURLs(), called in /home/ubuntu/workspace/gorozco/HomeWork/hw3/index.php on line 20 and defined in /home/ubuntu/workspace/gorozco/HomeWork/hw3/api/walmartAPI.php on line 5
[25-Oct-2017 10:11:13 UTC] PHP Stack trace:
[25-Oct-2017 10:11:13 UTC] PHP   1. {main}() /home/ubuntu/workspace/gorozco/HomeWork/hw3/index.php:0
[25-Oct-2017 10:11:13 UTC] PHP   2. getImageURLs() /home/ubuntu/workspace/gorozco/HomeWork/hw3/index.php:20
[25-Oct-2017 10:11:19 UTC] PHP Warning:  Missing argument 4 for getImageURLs(), called in /home/ubuntu/workspace/gorozco/HomeWork/hw3/index.php on line 20 and defined in /home/ubuntu/workspace/gorozco/HomeWork/hw3/api/walmartAPI.php on line 5
[25-Oct-2017 10:11:19 UTC] PHP Stack trace:
[25-Oct-2017 10:11:19 UTC] PHP   1. {main}() /home/ubuntu/workspace/gorozco/HomeWork/hw3/index.php:0
[25-Oct-2017 10:11:19 UTC] PHP   2. getImageURLs() /home/ubuntu/workspace/gorozco/HomeWork/hw3/index.php:20
