[08-Sep-2017 20:03:43 UTC] PHP Parse error:  syntax error, unexpected '1' (T_LNUMBER), expecting variable (T_VARIABLE) or '$' in /home/ubuntu/workspace/gorozco/lab/lab2/index.php on line 62
[10-Sep-2017 22:13:02 UTC] PHP Parse error:  syntax error, unexpected end of file in /home/ubuntu/workspace/gorozco/lab/lab2/inc/functions.php on line 41
[10-Sep-2017 22:13:02 UTC] PHP Stack trace:
[10-Sep-2017 22:13:02 UTC] PHP   1. {main}() /home/ubuntu/workspace/gorozco/lab/lab2/index.php:0
[10-Sep-2017 22:14:07 UTC] PHP Parse error:  syntax error, unexpected end of file in /home/ubuntu/workspace/gorozco/lab/lab2/inc/functions.php on line 41
[10-Sep-2017 22:14:07 UTC] PHP Stack trace:
[10-Sep-2017 22:14:07 UTC] PHP   1. {main}() /home/ubuntu/workspace/gorozco/lab/lab2/index.php:0
[29-Sep-2017 20:01:00 UTC] PHP Fatal error:  Call to undefined function checkIFSelected() in /home/ubuntu/workspace/gorozco/lab/lab4/index.php on line 93
[29-Sep-2017 20:01:00 UTC] PHP Stack trace:
[29-Sep-2017 20:01:00 UTC] PHP   1. {main}() /home/ubuntu/workspace/gorozco/lab/lab4/index.php:0
[29-Sep-2017 20:01:11 UTC] PHP Fatal error:  Call to undefined function checkIFSelected() in /home/ubuntu/workspace/gorozco/lab/lab4/index.php on line 93
[29-Sep-2017 20:01:11 UTC] PHP Stack trace:
[29-Sep-2017 20:01:11 UTC] PHP   1. {main}() /home/ubuntu/workspace/gorozco/lab/lab4/index.php:0
[29-Sep-2017 20:01:12 UTC] PHP Fatal error:  Call to undefined function checkIFSelected() in /home/ubuntu/workspace/gorozco/lab/lab4/index.php on line 93
[29-Sep-2017 20:01:12 UTC] PHP Stack trace:
[29-Sep-2017 20:01:12 UTC] PHP   1. {main}() /home/ubuntu/workspace/gorozco/lab/lab4/index.php:0
[29-Sep-2017 20:01:19 UTC] PHP Fatal error:  Call to undefined function checkIFSelected() in /home/ubuntu/workspace/gorozco/lab/lab4/index.php on line 93
[29-Sep-2017 20:01:19 UTC] PHP Stack trace:
[29-Sep-2017 20:01:19 UTC] PHP   1. {main}() /home/ubuntu/workspace/gorozco/lab/lab4/index.php:0
[29-Sep-2017 20:02:39 UTC] PHP Fatal error:  Call to undefined function checkIFSelected() in /home/ubuntu/workspace/gorozco/lab/lab4/index.php on line 93
[29-Sep-2017 20:02:39 UTC] PHP Stack trace:
[29-Sep-2017 20:02:39 UTC] PHP   1. {main}() /home/ubuntu/workspace/gorozco/lab/lab4/index.php:0
[29-Sep-2017 20:02:46 UTC] PHP Fatal error:  Call to undefined function checkIFSelected() in /home/ubuntu/workspace/gorozco/lab/lab4/index.php on line 93
[29-Sep-2017 20:02:46 UTC] PHP Stack trace:
[29-Sep-2017 20:02:46 UTC] PHP   1. {main}() /home/ubuntu/workspace/gorozco/lab/lab4/index.php:0
[29-Sep-2017 20:02:55 UTC] PHP Fatal error:  Call to undefined function checkIFSelected() in /home/ubuntu/workspace/gorozco/lab/lab4/index.php on line 93
[29-Sep-2017 20:02:55 UTC] PHP Stack trace:
[29-Sep-2017 20:02:55 UTC] PHP   1. {main}() /home/ubuntu/workspace/gorozco/lab/lab4/index.php:0
[29-Sep-2017 20:03:03 UTC] PHP Fatal error:  Call to undefined function checkIFSelected() in /home/ubuntu/workspace/gorozco/lab/lab4/index.php on line 93
[29-Sep-2017 20:03:03 UTC] PHP Stack trace:
[29-Sep-2017 20:03:03 UTC] PHP   1. {main}() /home/ubuntu/workspace/gorozco/lab/lab4/index.php:0
[29-Sep-2017 20:19:00 UTC] PHP Fatal error:  Maximum execution time of 300 seconds exceeded in /home/ubuntu/workspace/gorozco/lab/lab4/index.php on line 133
[29-Sep-2017 20:19:00 UTC] PHP Stack trace:
[29-Sep-2017 20:19:00 UTC] PHP   1. {main}() /home/ubuntu/workspace/gorozco/lab/lab4/index.php:0
[01-Oct-2017 19:50:39 UTC] PHP Fatal error:  Maximum execution time of 300 seconds exceeded in /home/ubuntu/workspace/gorozco/lab/lab4/index.php on line 121
[01-Oct-2017 19:50:39 UTC] PHP Stack trace:
[01-Oct-2017 19:50:39 UTC] PHP   1. {main}() /home/ubuntu/workspace/gorozco/lab/lab4/index.php:0
[01-Oct-2017 19:50:43 UTC] PHP Fatal error:  Maximum execution time of 300 seconds exceeded in /home/ubuntu/workspace/gorozco/lab/lab4/index.php on line 121
[01-Oct-2017 19:50:43 UTC] PHP Stack trace:
[01-Oct-2017 19:50:43 UTC] PHP   1. {main}() /home/ubuntu/workspace/gorozco/lab/lab4/index.php:0
[01-Oct-2017 20:17:22 UTC] PHP Parse error:  syntax error, unexpected ':', expecting ',' or ';' in /home/ubuntu/workspace/gorozco/lab/lab4/index.php on line 67
[01-Oct-2017 22:30:46 UTC] PHP Fatal error:  Maximum execution time of 300 seconds exceeded in /home/ubuntu/workspace/gorozco/lab/lab4/index.php on line 126
[01-Oct-2017 22:30:46 UTC] PHP Stack trace:
[01-Oct-2017 22:30:46 UTC] PHP   1. {main}() /home/ubuntu/workspace/gorozco/lab/lab4/index.php:0
[01-Oct-2017 22:31:39 UTC] PHP Fatal error:  Maximum execution time of 300 seconds exceeded in /home/ubuntu/workspace/gorozco/lab/lab4/index.php on line 126
[01-Oct-2017 22:31:39 UTC] PHP Stack trace:
[01-Oct-2017 22:31:39 UTC] PHP   1. {main}() /home/ubuntu/workspace/gorozco/lab/lab4/index.php:0
[01-Oct-2017 22:59:06 UTC] PHP Fatal error:  Maximum execution time of 300 seconds exceeded in /home/ubuntu/workspace/gorozco/lab/lab4/index.php on line 128
[01-Oct-2017 22:59:06 UTC] PHP Stack trace:
[01-Oct-2017 22:59:06 UTC] PHP   1. {main}() /home/ubuntu/workspace/gorozco/lab/lab4/index.php:0
[01-Oct-2017 23:17:09 UTC] PHP Fatal error:  Maximum execution time of 300 seconds exceeded in /home/ubuntu/workspace/gorozco/lab/lab4/index.php on line 128
[01-Oct-2017 23:17:09 UTC] PHP Stack trace:
[01-Oct-2017 23:17:09 UTC] PHP   1. {main}() /home/ubuntu/workspace/gorozco/lab/lab4/index.php:0
[01-Oct-2017 23:18:07 UTC] PHP Fatal error:  Maximum execution time of 300 seconds exceeded in /home/ubuntu/workspace/gorozco/lab/lab4/index.php on line 128
[01-Oct-2017 23:18:07 UTC] PHP Stack trace:
[01-Oct-2017 23:18:07 UTC] PHP   1. {main}() /home/ubuntu/workspace/gorozco/lab/lab4/index.php:0
[01-Oct-2017 23:21:42 UTC] PHP Fatal error:  Maximum execution time of 300 seconds exceeded in /home/ubuntu/workspace/gorozco/lab/lab4/index.php on line 127
[01-Oct-2017 23:21:42 UTC] PHP Stack trace:
[01-Oct-2017 23:21:42 UTC] PHP   1. {main}() /home/ubuntu/workspace/gorozco/lab/lab4/index.php:0
[01-Oct-2017 23:21:42 UTC] PHP   2. count() /home/ubuntu/workspace/gorozco/lab/lab4/index.php:127
[01-Oct-2017 23:22:20 UTC] PHP Fatal error:  Maximum execution time of 300 seconds exceeded in /home/ubuntu/workspace/gorozco/lab/lab4/index.php on line 127
[01-Oct-2017 23:22:20 UTC] PHP Stack trace:
[01-Oct-2017 23:22:20 UTC] PHP   1. {main}() /home/ubuntu/workspace/gorozco/lab/lab4/index.php:0
[11-Oct-2017 20:42:45 UTC] PHP Parse error:  syntax error, unexpected '$conn' (T_VARIABLE) in /home/ubuntu/workspace/gorozco/lab/lab5/index.php on line 5
[11-Oct-2017 20:45:41 UTC] PHP Parse error:  syntax error, unexpected '$conn' (T_VARIABLE) in /home/ubuntu/workspace/gorozco/lab/lab5/index.php on line 5
[11-Oct-2017 20:45:46 UTC] PHP Parse error:  syntax error, unexpected '$conn' (T_VARIABLE) in /home/ubuntu/workspace/gorozco/lab/lab5/index.php on line 5
[11-Oct-2017 20:45:52 UTC] PHP Parse error:  syntax error, unexpected '$conn' (T_VARIABLE) in /home/ubuntu/workspace/gorozco/lab/lab5/index.php on line 5
[11-Oct-2017 20:46:22 UTC] PHP Parse error:  syntax error, unexpected '$conn' (T_VARIABLE) in /home/ubuntu/workspace/gorozco/lab/lab5/index.php on line 5
[11-Oct-2017 20:47:05 UTC] PHP Parse error:  syntax error, unexpected '$conn' (T_VARIABLE) in /home/ubuntu/workspace/gorozco/lab/lab5/index.php on line 5
[11-Oct-2017 20:47:15 UTC] PHP Parse error:  syntax error, unexpected '$conn' (T_VARIABLE) in /home/ubuntu/workspace/gorozco/lab/lab5/index.php on line 5
[11-Oct-2017 20:47:27 UTC] PHP Parse error:  syntax error, unexpected '$conn' (T_VARIABLE) in /home/ubuntu/workspace/gorozco/lab/lab5/index.php on line 5
[11-Oct-2017 20:47:51 UTC] PHP Parse error:  syntax error, unexpected '$conn' (T_VARIABLE) in /home/ubuntu/workspace/gorozco/lab/lab5/index.php on line 5
[11-Oct-2017 20:49:08 UTC] PHP Parse error:  syntax error, unexpected '$conn' (T_VARIABLE) in /home/ubuntu/workspace/gorozco/lab/lab5/index.php on line 5
[11-Oct-2017 20:50:30 UTC] PHP Fatal error:  Call to undefined function displayDevices() in /home/ubuntu/workspace/gorozco/lab/lab5/index.php on line 48
[11-Oct-2017 20:50:30 UTC] PHP Stack trace:
[11-Oct-2017 20:50:30 UTC] PHP   1. {main}() /home/ubuntu/workspace/gorozco/lab/lab5/index.php:0
[13-Oct-2017 19:37:47 UTC] PHP Fatal error:  Uncaught exception 'PDOException' with message 'SQLSTATE[HY093]: Invalid parameter number: no parameters were bound' in /home/ubuntu/workspace/gorozco/lab/lab5/index.php:56
Stack trace:
#0 /home/ubuntu/workspace/gorozco/lab/lab5/index.php(56): PDOStatement->execute()
#1 /home/ubuntu/workspace/gorozco/lab/lab5/index.php(95): displayDevices()
#2 {main}
  thrown in /home/ubuntu/workspace/gorozco/lab/lab5/index.php on line 56
[13-Oct-2017 19:37:53 UTC] PHP Fatal error:  Uncaught exception 'PDOException' with message 'SQLSTATE[HY093]: Invalid parameter number: no parameters were bound' in /home/ubuntu/workspace/gorozco/lab/lab5/index.php:56
Stack trace:
#0 /home/ubuntu/workspace/gorozco/lab/lab5/index.php(56): PDOStatement->execute()
#1 /home/ubuntu/workspace/gorozco/lab/lab5/index.php(95): displayDevices()
#2 {main}
  thrown in /home/ubuntu/workspace/gorozco/lab/lab5/index.php on line 56
[13-Oct-2017 19:38:00 UTC] PHP Fatal error:  Uncaught exception 'PDOException' with message 'SQLSTATE[HY093]: Invalid parameter number: no parameters were bound' in /home/ubuntu/workspace/gorozco/lab/lab5/index.php:56
Stack trace:
#0 /home/ubuntu/workspace/gorozco/lab/lab5/index.php(56): PDOStatement->execute()
#1 /home/ubuntu/workspace/gorozco/lab/lab5/index.php(95): displayDevices()
#2 {main}
  thrown in /home/ubuntu/workspace/gorozco/lab/lab5/index.php on line 56
[13-Oct-2017 19:38:09 UTC] PHP Fatal error:  Uncaught exception 'PDOException' with message 'SQLSTATE[HY093]: Invalid parameter number: no parameters were bound' in /home/ubuntu/workspace/gorozco/lab/lab5/index.php:56
Stack trace:
#0 /home/ubuntu/workspace/gorozco/lab/lab5/index.php(56): PDOStatement->execute()
#1 /home/ubuntu/workspace/gorozco/lab/lab5/index.php(95): displayDevices()
#2 {main}
  thrown in /home/ubuntu/workspace/gorozco/lab/lab5/index.php on line 56
[13-Oct-2017 19:39:22 UTC] PHP Fatal error:  Uncaught exception 'PDOException' with message 'SQLSTATE[HY093]: Invalid parameter number: no parameters were bound' in /home/ubuntu/workspace/gorozco/lab/lab5/index.php:57
Stack trace:
#0 /home/ubuntu/workspace/gorozco/lab/lab5/index.php(57): PDOStatement->execute()
#1 /home/ubuntu/workspace/gorozco/lab/lab5/index.php(96): displayDevices()
#2 {main}
  thrown in /home/ubuntu/workspace/gorozco/lab/lab5/index.php on line 57
[13-Oct-2017 19:39:26 UTC] PHP Fatal error:  Uncaught exception 'PDOException' with message 'SQLSTATE[HY093]: Invalid parameter number: no parameters were bound' in /home/ubuntu/workspace/gorozco/lab/lab5/index.php:57
Stack trace:
#0 /home/ubuntu/workspace/gorozco/lab/lab5/index.php(57): PDOStatement->execute()
#1 /home/ubuntu/workspace/gorozco/lab/lab5/index.php(96): displayDevices()
#2 {main}
  thrown in /home/ubuntu/workspace/gorozco/lab/lab5/index.php on line 57
[13-Oct-2017 19:42:21 UTC] PHP Fatal error:  Uncaught exception 'PDOException' with message 'SQLSTATE[HY093]: Invalid parameter number: parameter was not defined' in /home/ubuntu/workspace/gorozco/lab/lab5/index.php:63
Stack trace:
#0 /home/ubuntu/workspace/gorozco/lab/lab5/index.php(63): PDOStatement->execute(Array)
#1 /home/ubuntu/workspace/gorozco/lab/lab5/index.php(102): displayDevices()
#2 {main}
  thrown in /home/ubuntu/workspace/gorozco/lab/lab5/index.php on line 63
[13-Oct-2017 19:42:29 UTC] PHP Fatal error:  Uncaught exception 'PDOException' with message 'SQLSTATE[HY093]: Invalid parameter number: parameter was not defined' in /home/ubuntu/workspace/gorozco/lab/lab5/index.php:63
Stack trace:
#0 /home/ubuntu/workspace/gorozco/lab/lab5/index.php(63): PDOStatement->execute(Array)
#1 /home/ubuntu/workspace/gorozco/lab/lab5/index.php(102): displayDevices()
#2 {main}
  thrown in /home/ubuntu/workspace/gorozco/lab/lab5/index.php on line 63
[13-Oct-2017 19:43:06 UTC] PHP Fatal error:  Uncaught exception 'PDOException' with message 'SQLSTATE[HY093]: Invalid parameter number: parameter was not defined' in /home/ubuntu/workspace/gorozco/lab/lab5/index.php:63
Stack trace:
#0 /home/ubuntu/workspace/gorozco/lab/lab5/index.php(63): PDOStatement->execute(Array)
#1 /home/ubuntu/workspace/gorozco/lab/lab5/index.php(102): displayDevices()
#2 {main}
  thrown in /home/ubuntu/workspace/gorozco/lab/lab5/index.php on line 63
[13-Oct-2017 19:43:57 UTC] PHP Fatal error:  Uncaught exception 'PDOException' with message 'SQLSTATE[HY093]: Invalid parameter number: parameter was not defined' in /home/ubuntu/workspace/gorozco/lab/lab5/index.php:63
Stack trace:
#0 /home/ubuntu/workspace/gorozco/lab/lab5/index.php(63): PDOStatement->execute(Array)
#1 /home/ubuntu/workspace/gorozco/lab/lab5/index.php(102): displayDevices()
#2 {main}
  thrown in /home/ubuntu/workspace/gorozco/lab/lab5/index.php on line 63
[13-Oct-2017 19:44:01 UTC] PHP Fatal error:  Uncaught exception 'PDOException' with message 'SQLSTATE[HY093]: Invalid parameter number: parameter was not defined' in /home/ubuntu/workspace/gorozco/lab/lab5/index.php:63
Stack trace:
#0 /home/ubuntu/workspace/gorozco/lab/lab5/index.php(63): PDOStatement->execute(Array)
#1 /home/ubuntu/workspace/gorozco/lab/lab5/index.php(102): displayDevices()
#2 {main}
  thrown in /home/ubuntu/workspace/gorozco/lab/lab5/index.php on line 63
[13-Oct-2017 19:45:09 UTC] PHP Fatal error:  Uncaught exception 'PDOException' with message 'SQLSTATE[HY093]: Invalid parameter number: parameter was not defined' in /home/ubuntu/workspace/gorozco/lab/lab5/index.php:63
Stack trace:
#0 /home/ubuntu/workspace/gorozco/lab/lab5/index.php(63): PDOStatement->execute(Array)
#1 /home/ubuntu/workspace/gorozco/lab/lab5/index.php(102): displayDevices()
#2 {main}
  thrown in /home/ubuntu/workspace/gorozco/lab/lab5/index.php on line 63
[13-Oct-2017 19:48:52 UTC] PHP Fatal error:  Uncaught exception 'PDOException' with message 'SQLSTATE[HY093]: Invalid parameter number: parameter was not defined' in /home/ubuntu/workspace/gorozco/lab/lab5/index.php:61
Stack trace:
#0 /home/ubuntu/workspace/gorozco/lab/lab5/index.php(61): PDOStatement->execute(Array)
#1 /home/ubuntu/workspace/gorozco/lab/lab5/index.php(100): displayDevices()
#2 {main}
  thrown in /home/ubuntu/workspace/gorozco/lab/lab5/index.php on line 61
[13-Oct-2017 19:48:55 UTC] PHP Fatal error:  Uncaught exception 'PDOException' with message 'SQLSTATE[HY093]: Invalid parameter number: parameter was not defined' in /home/ubuntu/workspace/gorozco/lab/lab5/index.php:61
Stack trace:
#0 /home/ubuntu/workspace/gorozco/lab/lab5/index.php(61): PDOStatement->execute(Array)
#1 /home/ubuntu/workspace/gorozco/lab/lab5/index.php(100): displayDevices()
#2 {main}
  thrown in /home/ubuntu/workspace/gorozco/lab/lab5/index.php on line 61
[13-Oct-2017 19:48:58 UTC] PHP Fatal error:  Uncaught exception 'PDOException' with message 'SQLSTATE[HY093]: Invalid parameter number: parameter was not defined' in /home/ubuntu/workspace/gorozco/lab/lab5/index.php:61
Stack trace:
#0 /home/ubuntu/workspace/gorozco/lab/lab5/index.php(61): PDOStatement->execute(Array)
#1 /home/ubuntu/workspace/gorozco/lab/lab5/index.php(100): displayDevices()
#2 {main}
  thrown in /home/ubuntu/workspace/gorozco/lab/lab5/index.php on line 61
[13-Oct-2017 19:49:02 UTC] PHP Fatal error:  Uncaught exception 'PDOException' with message 'SQLSTATE[HY093]: Invalid parameter number: parameter was not defined' in /home/ubuntu/workspace/gorozco/lab/lab5/index.php:61
Stack trace:
#0 /home/ubuntu/workspace/gorozco/lab/lab5/index.php(61): PDOStatement->execute(Array)
#1 /home/ubuntu/workspace/gorozco/lab/lab5/index.php(100): displayDevices()
#2 {main}
  thrown in /home/ubuntu/workspace/gorozco/lab/lab5/index.php on line 61
[13-Oct-2017 19:52:10 UTC] PHP Fatal error:  Uncaught exception 'PDOException' with message 'SQLSTATE[HY093]: Invalid parameter number: parameter was not defined' in /home/ubuntu/workspace/gorozco/lab/lab5/index.php:61
Stack trace:
#0 /home/ubuntu/workspace/gorozco/lab/lab5/index.php(61): PDOStatement->execute(Array)
#1 /home/ubuntu/workspace/gorozco/lab/lab5/index.php(100): displayDevices()
#2 {main}
  thrown in /home/ubuntu/workspace/gorozco/lab/lab5/index.php on line 61
[13-Oct-2017 19:52:14 UTC] PHP Fatal error:  Uncaught exception 'PDOException' with message 'SQLSTATE[HY093]: Invalid parameter number: parameter was not defined' in /home/ubuntu/workspace/gorozco/lab/lab5/index.php:61
Stack trace:
#0 /home/ubuntu/workspace/gorozco/lab/lab5/index.php(61): PDOStatement->execute(Array)
#1 /home/ubuntu/workspace/gorozco/lab/lab5/index.php(100): displayDevices()
#2 {main}
  thrown in /home/ubuntu/workspace/gorozco/lab/lab5/index.php on line 61
[13-Oct-2017 19:52:17 UTC] PHP Fatal error:  Uncaught exception 'PDOException' with message 'SQLSTATE[HY093]: Invalid parameter number: parameter was not defined' in /home/ubuntu/workspace/gorozco/lab/lab5/index.php:61
Stack trace:
#0 /home/ubuntu/workspace/gorozco/lab/lab5/index.php(61): PDOStatement->execute(Array)
#1 /home/ubuntu/workspace/gorozco/lab/lab5/index.php(100): displayDevices()
#2 {main}
  thrown in /home/ubuntu/workspace/gorozco/lab/lab5/index.php on line 61
[13-Oct-2017 20:04:11 UTC] PHP Fatal error:  Uncaught exception 'PDOException' with message 'SQLSTATE[HY093]: Invalid parameter number: parameter was not defined' in /home/ubuntu/workspace/gorozco/lab/lab5/index.php:61
Stack trace:
#0 /home/ubuntu/workspace/gorozco/lab/lab5/index.php(61): PDOStatement->execute(Array)
#1 /home/ubuntu/workspace/gorozco/lab/lab5/index.php(100): displayDevices()
#2 {main}
  thrown in /home/ubuntu/workspace/gorozco/lab/lab5/index.php on line 61
[13-Oct-2017 20:11:31 UTC] PHP Fatal error:  Uncaught exception 'PDOException' with message 'SQLSTATE[HY093]: Invalid parameter number: parameter was not defined' in /home/ubuntu/workspace/gorozco/lab/lab5/index.php:64
Stack trace:
#0 /home/ubuntu/workspace/gorozco/lab/lab5/index.php(64): PDOStatement->execute(Array)
#1 /home/ubuntu/workspace/gorozco/lab/lab5/index.php(103): displayDevices()
#2 {main}
  thrown in /home/ubuntu/workspace/gorozco/lab/lab5/index.php on line 64
[13-Oct-2017 20:11:35 UTC] PHP Fatal error:  Uncaught exception 'PDOException' with message 'SQLSTATE[HY093]: Invalid parameter number: parameter was not defined' in /home/ubuntu/workspace/gorozco/lab/lab5/index.php:64
Stack trace:
#0 /home/ubuntu/workspace/gorozco/lab/lab5/index.php(64): PDOStatement->execute(Array)
#1 /home/ubuntu/workspace/gorozco/lab/lab5/index.php(103): displayDevices()
#2 {main}
  thrown in /home/ubuntu/workspace/gorozco/lab/lab5/index.php on line 64
[13-Oct-2017 20:11:37 UTC] PHP Fatal error:  Uncaught exception 'PDOException' with message 'SQLSTATE[HY093]: Invalid parameter number: parameter was not defined' in /home/ubuntu/workspace/gorozco/lab/lab5/index.php:64
Stack trace:
#0 /home/ubuntu/workspace/gorozco/lab/lab5/index.php(64): PDOStatement->execute(Array)
#1 /home/ubuntu/workspace/gorozco/lab/lab5/index.php(103): displayDevices()
#2 {main}
  thrown in /home/ubuntu/workspace/gorozco/lab/lab5/index.php on line 64
[13-Oct-2017 20:11:40 UTC] PHP Fatal error:  Uncaught exception 'PDOException' with message 'SQLSTATE[HY093]: Invalid parameter number: parameter was not defined' in /home/ubuntu/workspace/gorozco/lab/lab5/index.php:64
Stack trace:
#0 /home/ubuntu/workspace/gorozco/lab/lab5/index.php(64): PDOStatement->execute(Array)
#1 /home/ubuntu/workspace/gorozco/lab/lab5/index.php(103): displayDevices()
#2 {main}
  thrown in /home/ubuntu/workspace/gorozco/lab/lab5/index.php on line 64
[13-Oct-2017 20:11:43 UTC] PHP Fatal error:  Uncaught exception 'PDOException' with message 'SQLSTATE[HY093]: Invalid parameter number: parameter was not defined' in /home/ubuntu/workspace/gorozco/lab/lab5/index.php:64
Stack trace:
#0 /home/ubuntu/workspace/gorozco/lab/lab5/index.php(64): PDOStatement->execute(Array)
#1 /home/ubuntu/workspace/gorozco/lab/lab5/index.php(103): displayDevices()
#2 {main}
  thrown in /home/ubuntu/workspace/gorozco/lab/lab5/index.php on line 64
[13-Oct-2017 20:11:46 UTC] PHP Fatal error:  Uncaught exception 'PDOException' with message 'SQLSTATE[HY093]: Invalid parameter number: parameter was not defined' in /home/ubuntu/workspace/gorozco/lab/lab5/index.php:64
Stack trace:
#0 /home/ubuntu/workspace/gorozco/lab/lab5/index.php(64): PDOStatement->execute(Array)
#1 /home/ubuntu/workspace/gorozco/lab/lab5/index.php(103): displayDevices()
#2 {main}
  thrown in /home/ubuntu/workspace/gorozco/lab/lab5/index.php on line 64
[13-Oct-2017 20:13:25 UTC] PHP Fatal error:  Uncaught exception 'PDOException' with message 'SQLSTATE[HY093]: Invalid parameter number: parameter was not defined' in /home/ubuntu/workspace/gorozco/lab/lab5/index.php:64
Stack trace:
#0 /home/ubuntu/workspace/gorozco/lab/lab5/index.php(64): PDOStatement->execute(Array)
#1 /home/ubuntu/workspace/gorozco/lab/lab5/index.php(105): displayDevices()
#2 {main}
  thrown in /home/ubuntu/workspace/gorozco/lab/lab5/index.php on line 64
[13-Oct-2017 20:13:28 UTC] PHP Fatal error:  Uncaught exception 'PDOException' with message 'SQLSTATE[HY093]: Invalid parameter number: parameter was not defined' in /home/ubuntu/workspace/gorozco/lab/lab5/index.php:64
Stack trace:
#0 /home/ubuntu/workspace/gorozco/lab/lab5/index.php(64): PDOStatement->execute(Array)
#1 /home/ubuntu/workspace/gorozco/lab/lab5/index.php(105): displayDevices()
#2 {main}
  thrown in /home/ubuntu/workspace/gorozco/lab/lab5/index.php on line 64
[13-Oct-2017 20:13:37 UTC] PHP Fatal error:  Uncaught exception 'PDOException' with message 'SQLSTATE[HY093]: Invalid parameter number: parameter was not defined' in /home/ubuntu/workspace/gorozco/lab/lab5/index.php:64
Stack trace:
#0 /home/ubuntu/workspace/gorozco/lab/lab5/index.php(64): PDOStatement->execute(Array)
#1 /home/ubuntu/workspace/gorozco/lab/lab5/index.php(105): displayDevices()
#2 {main}
  thrown in /home/ubuntu/workspace/gorozco/lab/lab5/index.php on line 64
[13-Oct-2017 20:29:01 UTC] PHP Fatal error:  Uncaught exception 'PDOException' with message 'SQLSTATE[42000]: Syntax error or access violation: 1064 You have an error in your SQL syntax; check the manual that corresponds to your MySQL server version for the right syntax to use near ': deviceId' at line 5' in /home/ubuntu/workspace/gorozco/lab/lab5/checkoutHistory.php:15
Stack trace:
#0 /home/ubuntu/workspace/gorozco/lab/lab5/checkoutHistory.php(15): PDOStatement->execute(NULL)
#1 {main}
  thrown in /home/ubuntu/workspace/gorozco/lab/lab5/checkoutHistory.php on line 15
[13-Oct-2017 20:30:01 UTC] PHP Fatal error:  Uncaught exception 'PDOException' with message 'SQLSTATE[42000]: Syntax error or access violation: 1064 You have an error in your SQL syntax; check the manual that corresponds to your MySQL server version for the right syntax to use near ': deviceId' at line 5' in /home/ubuntu/workspace/gorozco/lab/lab5/checkoutHistory.php:17
Stack trace:
#0 /home/ubuntu/workspace/gorozco/lab/lab5/checkoutHistory.php(17): PDOStatement->execute(NULL)
#1 /home/ubuntu/workspace/gorozco/lab/lab5/checkoutHistory.php(35): displayCheckoutHistory()
#2 {main}
  thrown in /home/ubuntu/workspace/gorozco/lab/lab5/checkoutHistory.php on line 17
[13-Oct-2017 20:30:28 UTC] PHP Fatal error:  Uncaught exception 'PDOException' with message 'SQLSTATE[42000]: Syntax error or access violation: 1064 You have an error in your SQL syntax; check the manual that corresponds to your MySQL server version for the right syntax to use near ': deviceId' at line 5' in /home/ubuntu/workspace/gorozco/lab/lab5/checkoutHistory.php:17
Stack trace:
#0 /home/ubuntu/workspace/gorozco/lab/lab5/checkoutHistory.php(17): PDOStatement->execute(Array)
#1 /home/ubuntu/workspace/gorozco/lab/lab5/checkoutHistory.php(35): displayCheckoutHistory()
#2 {main}
  thrown in /home/ubuntu/workspace/gorozco/lab/lab5/checkoutHistory.php on line 17
[18-Oct-2017 00:13:43 UTC] PHP Warning:  include(../../../dbConnection.php): failed to open stream: No such file or directory in /home/ubuntu/workspace/gorozco/lab/lab5/checkoutHistory.php on line 5
[18-Oct-2017 00:13:43 UTC] PHP Stack trace:
[18-Oct-2017 00:13:43 UTC] PHP   1. {main}() /home/ubuntu/workspace/gorozco/lab/lab5/checkoutHistory.php:0
[18-Oct-2017 00:13:43 UTC] PHP   2. displayCheckoutHistory() /home/ubuntu/workspace/gorozco/lab/lab5/checkoutHistory.php:40
[18-Oct-2017 00:13:43 UTC] PHP Warning:  include(): Failed opening '../../../dbConnection.php' for inclusion (include_path='.:/usr/share/php:/usr/share/pear') in /home/ubuntu/workspace/gorozco/lab/lab5/checkoutHistory.php on line 5
[18-Oct-2017 00:13:43 UTC] PHP Stack trace:
[18-Oct-2017 00:13:43 UTC] PHP   1. {main}() /home/ubuntu/workspace/gorozco/lab/lab5/checkoutHistory.php:0
[18-Oct-2017 00:13:43 UTC] PHP   2. displayCheckoutHistory() /home/ubuntu/workspace/gorozco/lab/lab5/checkoutHistory.php:40
[18-Oct-2017 00:13:43 UTC] PHP Fatal error:  Call to undefined function getDatabaseConnection() in /home/ubuntu/workspace/gorozco/lab/lab5/checkoutHistory.php on line 7
[18-Oct-2017 00:13:43 UTC] PHP Stack trace:
[18-Oct-2017 00:13:43 UTC] PHP   1. {main}() /home/ubuntu/workspace/gorozco/lab/lab5/checkoutHistory.php:0
[18-Oct-2017 00:13:43 UTC] PHP   2. displayCheckoutHistory() /home/ubuntu/workspace/gorozco/lab/lab5/checkoutHistory.php:40
[18-Oct-2017 00:38:54 UTC] PHP Warning:  include(../../../dbConnection.php): failed to open stream: No such file or directory in /home/ubuntu/workspace/gorozco/lab/lab5/checkoutHistory.php on line 5
[18-Oct-2017 00:38:54 UTC] PHP Stack trace:
[18-Oct-2017 00:38:54 UTC] PHP   1. {main}() /home/ubuntu/workspace/gorozco/lab/lab5/checkoutHistory.php:0
[18-Oct-2017 00:38:54 UTC] PHP   2. displayCheckoutHistory() /home/ubuntu/workspace/gorozco/lab/lab5/checkoutHistory.php:40
[18-Oct-2017 00:38:54 UTC] PHP Warning:  include(): Failed opening '../../../dbConnection.php' for inclusion (include_path='.:/usr/share/php:/usr/share/pear') in /home/ubuntu/workspace/gorozco/lab/lab5/checkoutHistory.php on line 5
[18-Oct-2017 00:38:54 UTC] PHP Stack trace:
[18-Oct-2017 00:38:54 UTC] PHP   1. {main}() /home/ubuntu/workspace/gorozco/lab/lab5/checkoutHistory.php:0
[18-Oct-2017 00:38:54 UTC] PHP   2. displayCheckoutHistory() /home/ubuntu/workspace/gorozco/lab/lab5/checkoutHistory.php:40
[18-Oct-2017 00:38:54 UTC] PHP Fatal error:  Call to undefined function getDatabaseConnection() in /home/ubuntu/workspace/gorozco/lab/lab5/checkoutHistory.php on line 7
[18-Oct-2017 00:38:54 UTC] PHP Stack trace:
[18-Oct-2017 00:38:54 UTC] PHP   1. {main}() /home/ubuntu/workspace/gorozco/lab/lab5/checkoutHistory.php:0
[18-Oct-2017 00:38:54 UTC] PHP   2. displayCheckoutHistory() /home/ubuntu/workspace/gorozco/lab/lab5/checkoutHistory.php:40
[18-Oct-2017 19:57:42 UTC] PHP Fatal error:  Uncaught exception 'PDOException' with message 'SQLSTATE[42000]: Syntax error or access violation: 1064 You have an error in your SQL syntax; check the manual that corresponds to your MySQL server version for the right syntax to use near '-admin
        WHERE username = 'dafddsfasdf'
        AND   passowrd = 'da39a3ee' at line 2' in /home/ubuntu/workspace/gorozco/lab/lab6/loginProcess.php:19
Stack trace:
#0 /home/ubuntu/workspace/gorozco/lab/lab6/loginProcess.php(19): PDOStatement->execute()
#1 {main}
  thrown in /home/ubuntu/workspace/gorozco/lab/lab6/loginProcess.php on line 19
[18-Oct-2017 19:57:50 UTC] PHP Fatal error:  Uncaught exception 'PDOException' with message 'SQLSTATE[42000]: Syntax error or access violation: 1064 You have an error in your SQL syntax; check the manual that corresponds to your MySQL server version for the right syntax to use near '-admin
        WHERE username = 'dafddsfasdf'
        AND   passowrd = 'da39a3ee' at line 2' in /home/ubuntu/workspace/gorozco/lab/lab6/loginProcess.php:19
Stack trace:
#0 /home/ubuntu/workspace/gorozco/lab/lab6/loginProcess.php(19): PDOStatement->execute()
#1 {main}
  thrown in /home/ubuntu/workspace/gorozco/lab/lab6/loginProcess.php on line 19
[18-Oct-2017 19:59:06 UTC] PHP Fatal error:  Uncaught exception 'PDOException' with message 'SQLSTATE[42000]: Syntax error or access violation: 1064 You have an error in your SQL syntax; check the manual that corresponds to your MySQL server version for the right syntax to use near '-admin
        WHERE username = 'dafddsfasdf'
        AND   passowrd = 'da39a3ee' at line 2' in /home/ubuntu/workspace/gorozco/lab/lab6/loginProcess.php:19
Stack trace:
#0 /home/ubuntu/workspace/gorozco/lab/lab6/loginProcess.php(19): PDOStatement->execute()
#1 {main}
  thrown in /home/ubuntu/workspace/gorozco/lab/lab6/loginProcess.php on line 19
[18-Oct-2017 19:59:13 UTC] PHP Fatal error:  Uncaught exception 'PDOException' with message 'SQLSTATE[42000]: Syntax error or access violation: 1064 You have an error in your SQL syntax; check the manual that corresponds to your MySQL server version for the right syntax to use near '-admin
        WHERE username = 'dafddsfasdf'
        AND   passowrd = 'da39a3ee' at line 2' in /home/ubuntu/workspace/gorozco/lab/lab6/loginProcess.php:19
Stack trace:
#0 /home/ubuntu/workspace/gorozco/lab/lab6/loginProcess.php(19): PDOStatement->execute()
#1 {main}
  thrown in /home/ubuntu/workspace/gorozco/lab/lab6/loginProcess.php on line 19
[18-Oct-2017 19:59:25 UTC] PHP Fatal error:  Uncaught exception 'PDOException' with message 'SQLSTATE[42000]: Syntax error or access violation: 1064 You have an error in your SQL syntax; check the manual that corresponds to your MySQL server version for the right syntax to use near '-admin
        WHERE username = 'gorozco'
        AND   passowrd = 'da39a3ee5e6b' at line 2' in /home/ubuntu/workspace/gorozco/lab/lab6/loginProcess.php:19
Stack trace:
#0 /home/ubuntu/workspace/gorozco/lab/lab6/loginProcess.php(19): PDOStatement->execute()
#1 {main}
  thrown in /home/ubuntu/workspace/gorozco/lab/lab6/loginProcess.php on line 19
[18-Oct-2017 19:59:53 UTC] PHP Fatal error:  Uncaught exception 'PDOException' with message 'SQLSTATE[42000]: Syntax error or access violation: 1064 You have an error in your SQL syntax; check the manual that corresponds to your MySQL server version for the right syntax to use near '-admin
        WHERE username = 'gorozco'
        AND   passowrd = 'da39a3ee5e6b' at line 2' in /home/ubuntu/workspace/gorozco/lab/lab6/loginProcess.php:19
Stack trace:
#0 /home/ubuntu/workspace/gorozco/lab/lab6/loginProcess.php(19): PDOStatement->execute()
#1 {main}
  thrown in /home/ubuntu/workspace/gorozco/lab/lab6/loginProcess.php on line 19
[18-Oct-2017 20:00:03 UTC] PHP Fatal error:  Uncaught exception 'PDOException' with message 'SQLSTATE[42000]: Syntax error or access violation: 1064 You have an error in your SQL syntax; check the manual that corresponds to your MySQL server version for the right syntax to use near '-admin
        WHERE username = 'gorozco'
        AND   passowrd = 'da39a3ee5e6b' at line 2' in /home/ubuntu/workspace/gorozco/lab/lab6/loginProcess.php:19
Stack trace:
#0 /home/ubuntu/workspace/gorozco/lab/lab6/loginProcess.php(19): PDOStatement->execute()
#1 {main}
  thrown in /home/ubuntu/workspace/gorozco/lab/lab6/loginProcess.php on line 19
[18-Oct-2017 20:00:31 UTC] PHP Fatal error:  Uncaught exception 'PDOException' with message 'SQLSTATE[42S22]: Column not found: 1054 Unknown column 'passowrd' in 'where clause'' in /home/ubuntu/workspace/gorozco/lab/lab6/loginProcess.php:19
Stack trace:
#0 /home/ubuntu/workspace/gorozco/lab/lab6/loginProcess.php(19): PDOStatement->execute()
#1 {main}
  thrown in /home/ubuntu/workspace/gorozco/lab/lab6/loginProcess.php on line 19
[18-Oct-2017 20:00:37 UTC] PHP Fatal error:  Uncaught exception 'PDOException' with message 'SQLSTATE[42S22]: Column not found: 1054 Unknown column 'passowrd' in 'where clause'' in /home/ubuntu/workspace/gorozco/lab/lab6/loginProcess.php:19
Stack trace:
#0 /home/ubuntu/workspace/gorozco/lab/lab6/loginProcess.php(19): PDOStatement->execute()
#1 {main}
  thrown in /home/ubuntu/workspace/gorozco/lab/lab6/loginProcess.php on line 19
[18-Oct-2017 20:14:44 UTC] PHP Fatal error:  Call to undefined function displayUsers() in /home/ubuntu/workspace/gorozco/lab/lab6/admin.php on line 16
[18-Oct-2017 20:14:44 UTC] PHP Stack trace:
[18-Oct-2017 20:14:44 UTC] PHP   1. {main}() /home/ubuntu/workspace/gorozco/lab/lab6/admin.php:0
[18-Oct-2017 20:16:19 UTC] PHP Fatal error:  Call to undefined function displayUsers() in /home/ubuntu/workspace/gorozco/lab/lab6/admin.php on line 16
[18-Oct-2017 20:16:19 UTC] PHP Stack trace:
[18-Oct-2017 20:16:19 UTC] PHP   1. {main}() /home/ubuntu/workspace/gorozco/lab/lab6/admin.php:0
[18-Oct-2017 20:19:20 UTC] PHP Fatal error:  Call to undefined function displayUsers() in /home/ubuntu/workspace/gorozco/lab/lab6/admin.php on line 16
[18-Oct-2017 20:19:20 UTC] PHP Stack trace:
[18-Oct-2017 20:19:20 UTC] PHP   1. {main}() /home/ubuntu/workspace/gorozco/lab/lab6/admin.php:0
[18-Oct-2017 20:28:13 UTC] PHP Fatal error:  Call to a member function prepare() on a non-object in /home/ubuntu/workspace/gorozco/lab/lab6/admin.php on line 10
[18-Oct-2017 20:28:13 UTC] PHP Stack trace:
[18-Oct-2017 20:28:13 UTC] PHP   1. {main}() /home/ubuntu/workspace/gorozco/lab/lab6/admin.php:0
[18-Oct-2017 20:28:13 UTC] PHP   2. displayUsers() /home/ubuntu/workspace/gorozco/lab/lab6/admin.php:33
[25-Oct-2017 19:48:02 UTC] PHP Fatal error:  Call to undefined function getDepartmentInfo() in /home/ubuntu/workspace/gorozco/lab/lab6/addUser.php on line 34
[25-Oct-2017 19:48:02 UTC] PHP Stack trace:
[25-Oct-2017 19:48:02 UTC] PHP   1. {main}() /home/ubuntu/workspace/gorozco/lab/lab6/addUser.php:0
[25-Oct-2017 20:07:48 UTC] PHP Parse error:  syntax error, unexpected end of file in /home/ubuntu/workspace/gorozco/lab/lab6/addUser.php on line 97
[25-Oct-2017 20:10:24 UTC] PHP Parse error:  syntax error, unexpected end of file in /home/ubuntu/workspace/gorozco/lab/lab6/addUser.php on line 106
[25-Oct-2017 20:11:12 UTC] PHP Parse error:  syntax error, unexpected end of file in /home/ubuntu/workspace/gorozco/lab/lab6/addUser.php on line 106
[25-Oct-2017 20:11:16 UTC] PHP Parse error:  syntax error, unexpected end of file in /home/ubuntu/workspace/gorozco/lab/lab6/addUser.php on line 106
[25-Oct-2017 20:11:58 UTC] PHP Parse error:  syntax error, unexpected end of file in /home/ubuntu/workspace/gorozco/lab/lab6/addUser.php on line 106
[25-Oct-2017 20:13:27 UTC] PHP Warning:  include(../../../dbConnection.php): failed to open stream: No such file or directory in /home/ubuntu/workspace/gorozco/lab/lab6/addUser.php on line 8
[25-Oct-2017 20:13:27 UTC] PHP Stack trace:
[25-Oct-2017 20:13:27 UTC] PHP   1. {main}() /home/ubuntu/workspace/gorozco/lab/lab6/addUser.php:0
[25-Oct-2017 20:13:27 UTC] PHP Warning:  include(): Failed opening '../../../dbConnection.php' for inclusion (include_path='.:/usr/share/php:/usr/share/pear') in /home/ubuntu/workspace/gorozco/lab/lab6/addUser.php on line 8
[25-Oct-2017 20:13:27 UTC] PHP Stack trace:
[25-Oct-2017 20:13:27 UTC] PHP   1. {main}() /home/ubuntu/workspace/gorozco/lab/lab6/addUser.php:0
[25-Oct-2017 20:13:27 UTC] PHP Fatal error:  Call to undefined function getDatabaseConnection() in /home/ubuntu/workspace/gorozco/lab/lab6/addUser.php on line 9
[25-Oct-2017 20:13:27 UTC] PHP Stack trace:
[25-Oct-2017 20:13:27 UTC] PHP   1. {main}() /home/ubuntu/workspace/gorozco/lab/lab6/addUser.php:0
[25-Oct-2017 20:16:13 UTC] PHP Fatal error:  Call to a member function execute() on a non-object in /home/ubuntu/workspace/gorozco/lab/lab6/admin.php on line 19
[25-Oct-2017 20:16:13 UTC] PHP Stack trace:
[25-Oct-2017 20:16:13 UTC] PHP   1. {main}() /home/ubuntu/workspace/gorozco/lab/lab6/admin.php:0
[25-Oct-2017 20:16:13 UTC] PHP   2. displayUsers() /home/ubuntu/workspace/gorozco/lab/lab6/admin.php:46
[25-Oct-2017 20:16:20 UTC] PHP Warning:  include(../../../dbConnection.php): failed to open stream: No such file or directory in /home/ubuntu/workspace/gorozco/lab/lab6/addUser.php on line 8
[25-Oct-2017 20:16:20 UTC] PHP Stack trace:
[25-Oct-2017 20:16:20 UTC] PHP   1. {main}() /home/ubuntu/workspace/gorozco/lab/lab6/addUser.php:0
[25-Oct-2017 20:16:20 UTC] PHP Warning:  include(): Failed opening '../../../dbConnection.php' for inclusion (include_path='.:/usr/share/php:/usr/share/pear') in /home/ubuntu/workspace/gorozco/lab/lab6/addUser.php on line 8
[25-Oct-2017 20:16:20 UTC] PHP Stack trace:
[25-Oct-2017 20:16:20 UTC] PHP   1. {main}() /home/ubuntu/workspace/gorozco/lab/lab6/addUser.php:0
[25-Oct-2017 20:16:20 UTC] PHP Fatal error:  Call to undefined function getDatabaseConnection() in /home/ubuntu/workspace/gorozco/lab/lab6/addUser.php on line 9
[25-Oct-2017 20:16:20 UTC] PHP Stack trace:
[25-Oct-2017 20:16:20 UTC] PHP   1. {main}() /home/ubuntu/workspace/gorozco/lab/lab6/addUser.php:0
[25-Oct-2017 20:16:23 UTC] PHP Fatal error:  Call to a member function execute() on a non-object in /home/ubuntu/workspace/gorozco/lab/lab6/admin.php on line 19
[25-Oct-2017 20:16:23 UTC] PHP Stack trace:
[25-Oct-2017 20:16:23 UTC] PHP   1. {main}() /home/ubuntu/workspace/gorozco/lab/lab6/admin.php:0
[25-Oct-2017 20:16:23 UTC] PHP   2. displayUsers() /home/ubuntu/workspace/gorozco/lab/lab6/admin.php:46
[25-Oct-2017 20:17:13 UTC] PHP Warning:  include(../../../dbConnection.php): failed to open stream: No such file or directory in /home/ubuntu/workspace/gorozco/lab/lab6/admin.php on line 10
[25-Oct-2017 20:17:13 UTC] PHP Stack trace:
[25-Oct-2017 20:17:13 UTC] PHP   1. {main}() /home/ubuntu/workspace/gorozco/lab/lab6/admin.php:0
[25-Oct-2017 20:17:13 UTC] PHP Warning:  include(): Failed opening '../../../dbConnection.php' for inclusion (include_path='.:/usr/share/php:/usr/share/pear') in /home/ubuntu/workspace/gorozco/lab/lab6/admin.php on line 10
[25-Oct-2017 20:17:13 UTC] PHP Stack trace:
[25-Oct-2017 20:17:13 UTC] PHP   1. {main}() /home/ubuntu/workspace/gorozco/lab/lab6/admin.php:0
[25-Oct-2017 20:17:13 UTC] PHP Fatal error:  Call to undefined function getDatabaseConnection() in /home/ubuntu/workspace/gorozco/lab/lab6/admin.php on line 11
[25-Oct-2017 20:17:13 UTC] PHP Stack trace:
[25-Oct-2017 20:17:13 UTC] PHP   1. {main}() /home/ubuntu/workspace/gorozco/lab/lab6/admin.php:0
[25-Oct-2017 20:21:28 UTC] PHP Warning:  include(../../../dbConnection.php): failed to open stream: No such file or directory in /home/ubuntu/workspace/gorozco/lab/lab6/admin.php on line 10
[25-Oct-2017 20:21:28 UTC] PHP Stack trace:
[25-Oct-2017 20:21:28 UTC] PHP   1. {main}() /home/ubuntu/workspace/gorozco/lab/lab6/admin.php:0
[25-Oct-2017 20:21:28 UTC] PHP Warning:  include(): Failed opening '../../../dbConnection.php' for inclusion (include_path='.:/usr/share/php:/usr/share/pear') in /home/ubuntu/workspace/gorozco/lab/lab6/admin.php on line 10
[25-Oct-2017 20:21:28 UTC] PHP Stack trace:
[25-Oct-2017 20:21:28 UTC] PHP   1. {main}() /home/ubuntu/workspace/gorozco/lab/lab6/admin.php:0
[25-Oct-2017 20:21:28 UTC] PHP Fatal error:  Call to undefined function getDatabaseConnection() in /home/ubuntu/workspace/gorozco/lab/lab6/admin.php on line 11
[25-Oct-2017 20:21:28 UTC] PHP Stack trace:
[25-Oct-2017 20:21:28 UTC] PHP   1. {main}() /home/ubuntu/workspace/gorozco/lab/lab6/admin.php:0
[25-Oct-2017 20:22:21 UTC] PHP Warning:  include(../../../dbConnection.php): failed to open stream: No such file or directory in /home/ubuntu/workspace/gorozco/lab/lab6/admin.php on line 10
[25-Oct-2017 20:22:21 UTC] PHP Stack trace:
[25-Oct-2017 20:22:21 UTC] PHP   1. {main}() /home/ubuntu/workspace/gorozco/lab/lab6/admin.php:0
[25-Oct-2017 20:22:21 UTC] PHP Warning:  include(): Failed opening '../../../dbConnection.php' for inclusion (include_path='.:/usr/share/php:/usr/share/pear') in /home/ubuntu/workspace/gorozco/lab/lab6/admin.php on line 10
[25-Oct-2017 20:22:21 UTC] PHP Stack trace:
[25-Oct-2017 20:22:21 UTC] PHP   1. {main}() /home/ubuntu/workspace/gorozco/lab/lab6/admin.php:0
[25-Oct-2017 20:22:21 UTC] PHP Fatal error:  Call to undefined function getDatabaseConnection() in /home/ubuntu/workspace/gorozco/lab/lab6/admin.php on line 11
[25-Oct-2017 20:22:21 UTC] PHP Stack trace:
[25-Oct-2017 20:22:21 UTC] PHP   1. {main}() /home/ubuntu/workspace/gorozco/lab/lab6/admin.php:0
[25-Oct-2017 20:22:25 UTC] PHP Warning:  include(../../../dbConnection.php): failed to open stream: No such file or directory in /home/ubuntu/workspace/gorozco/lab/lab6/admin.php on line 10
[25-Oct-2017 20:22:25 UTC] PHP Stack trace:
[25-Oct-2017 20:22:25 UTC] PHP   1. {main}() /home/ubuntu/workspace/gorozco/lab/lab6/admin.php:0
[25-Oct-2017 20:22:25 UTC] PHP Warning:  include(): Failed opening '../../../dbConnection.php' for inclusion (include_path='.:/usr/share/php:/usr/share/pear') in /home/ubuntu/workspace/gorozco/lab/lab6/admin.php on line 10
[25-Oct-2017 20:22:25 UTC] PHP Stack trace:
[25-Oct-2017 20:22:25 UTC] PHP   1. {main}() /home/ubuntu/workspace/gorozco/lab/lab6/admin.php:0
[25-Oct-2017 20:22:25 UTC] PHP Fatal error:  Call to undefined function getDatabaseConnection() in /home/ubuntu/workspace/gorozco/lab/lab6/admin.php on line 11
[25-Oct-2017 20:22:25 UTC] PHP Stack trace:
[25-Oct-2017 20:22:25 UTC] PHP   1. {main}() /home/ubuntu/workspace/gorozco/lab/lab6/admin.php:0
[25-Oct-2017 20:34:34 UTC] PHP Fatal error:  Uncaught exception 'PDOException' with message 'SQLSTATE[42S22]: Column not found: 1054 Unknown column 'genderF' in 'field list'' in /home/ubuntu/workspace/gorozco/lab/lab6/updateUser.php:30
Stack trace:
#0 /home/ubuntu/workspace/gorozco/lab/lab6/updateUser.php(30): PDOStatement->execute()
#1 /home/ubuntu/workspace/gorozco/lab/lab6/updateUser.php(40): getUserInfo('34')
#2 {main}
  thrown in /home/ubuntu/workspace/gorozco/lab/lab6/updateUser.php on line 30
[25-Oct-2017 20:41:35 UTC] PHP Fatal error:  Call to a member function prepare() on a non-object in /home/ubuntu/workspace/gorozco/lab/lab6/updateUser.php on line 29
[25-Oct-2017 20:41:35 UTC] PHP Stack trace:
[25-Oct-2017 20:41:35 UTC] PHP   1. {main}() /home/ubuntu/workspace/gorozco/lab/lab6/updateUser.php:0
[25-Oct-2017 20:41:35 UTC] PHP   2. getUserInfo() /home/ubuntu/workspace/gorozco/lab/lab6/updateUser.php:41
[25-Oct-2017 20:41:54 UTC] PHP Fatal error:  Call to a member function prepare() on a non-object in /home/ubuntu/workspace/gorozco/lab/lab6/updateUser.php on line 29
[25-Oct-2017 20:41:54 UTC] PHP Stack trace:
[25-Oct-2017 20:41:54 UTC] PHP   1. {main}() /home/ubuntu/workspace/gorozco/lab/lab6/updateUser.php:0
[25-Oct-2017 20:41:54 UTC] PHP   2. getUserInfo() /home/ubuntu/workspace/gorozco/lab/lab6/updateUser.php:41
[27-Oct-2017 20:43:02 UTC] PHP Parse error:  syntax error, unexpected '' (T_ENCAPSED_AND_WHITESPACE), expecting identifier (T_STRING) or variable (T_VARIABLE) or number (T_NUM_STRING) in /home/ubuntu/workspace/gorozco/lab/lab6/admin.php on line 75
[27-Oct-2017 20:55:32 UTC] PHP Parse error:  syntax error, unexpected '$user' (T_VARIABLE), expecting ',' or ';' in /home/ubuntu/workspace/gorozco/lab/lab6/admin.php on line 75
