[27-Sep-2017 20:07:42 UTC] PHP Parse error:  syntax error, unexpected 'array' (T_ARRAY), expecting ',' or ';' in /home/ubuntu/workspace/gorozco/challenges/zodiac/index.php on line 15
[27-Sep-2017 20:11:27 UTC] PHP Parse error:  syntax error, unexpected '$zodiac' (T_VARIABLE), expecting ',' or ';' in /home/ubuntu/workspace/gorozco/challenges/zodiac/index.php on line 15
[27-Sep-2017 20:20:44 UTC] PHP Fatal error:  Call to undefined function get() in /home/ubuntu/workspace/gorozco/challenges/zodiac/index.php on line 11
[27-Sep-2017 20:20:44 UTC] PHP Stack trace:
[27-Sep-2017 20:20:44 UTC] PHP   1. {main}() /home/ubuntu/workspace/gorozco/challenges/zodiac/index.php:0
[27-Sep-2017 20:20:44 UTC] PHP   2. yearList() /home/ubuntu/workspace/gorozco/challenges/zodiac/index.php:43
[27-Sep-2017 20:21:08 UTC] PHP Fatal error:  Function name must be a string in /home/ubuntu/workspace/gorozco/challenges/zodiac/index.php on line 11
[27-Sep-2017 20:21:08 UTC] PHP Stack trace:
[27-Sep-2017 20:21:08 UTC] PHP   1. {main}() /home/ubuntu/workspace/gorozco/challenges/zodiac/index.php:0
[27-Sep-2017 20:21:08 UTC] PHP   2. yearList() /home/ubuntu/workspace/gorozco/challenges/zodiac/index.php:43
[27-Sep-2017 20:21:25 UTC] PHP Fatal error:  Function name must be a string in /home/ubuntu/workspace/gorozco/challenges/zodiac/index.php on line 11
[27-Sep-2017 20:21:25 UTC] PHP Stack trace:
[27-Sep-2017 20:21:25 UTC] PHP   1. {main}() /home/ubuntu/workspace/gorozco/challenges/zodiac/index.php:0
[27-Sep-2017 20:21:25 UTC] PHP   2. yearList() /home/ubuntu/workspace/gorozco/challenges/zodiac/index.php:43
[27-Sep-2017 20:21:33 UTC] PHP Fatal error:  Call to undefined function get() in /home/ubuntu/workspace/gorozco/challenges/zodiac/index.php on line 11
[27-Sep-2017 20:21:33 UTC] PHP Stack trace:
[27-Sep-2017 20:21:33 UTC] PHP   1. {main}() /home/ubuntu/workspace/gorozco/challenges/zodiac/index.php:0
[27-Sep-2017 20:21:33 UTC] PHP   2. yearList() /home/ubuntu/workspace/gorozco/challenges/zodiac/index.php:43
[27-Sep-2017 20:23:41 UTC] PHP Fatal error:  Call to undefined function get() in /home/ubuntu/workspace/gorozco/challenges/zodiac/index.php on line 11
[27-Sep-2017 20:23:41 UTC] PHP Stack trace:
[27-Sep-2017 20:23:41 UTC] PHP   1. {main}() /home/ubuntu/workspace/gorozco/challenges/zodiac/index.php:0
[27-Sep-2017 20:23:41 UTC] PHP   2. yearList() /home/ubuntu/workspace/gorozco/challenges/zodiac/index.php:44
